Started GET "/api/v1/current_user" for 127.0.0.1 at 2018-03-24 16:28:11 -0400
  [1m[35m (2.6ms)[0m  [1m[34mSELECT "schema_migrations"."version" FROM "schema_migrations" ORDER BY "schema_migrations"."version" ASC[0m
Processing by Api::V1::AuthController#currentUser as */*
  Parameters: {"auth"=>{}}
  [1m[36mUser Load (7.2ms)[0m  [1m[34mSELECT  "users".* FROM "users" WHERE "users"."id" = $1 LIMIT $2[0m  [["id", 4], ["LIMIT", 1]]
  [1m[36mUser Load (0.3ms)[0m  [1m[34mSELECT  "users".* FROM "users" WHERE "users"."id" = $1 LIMIT $2[0m  [["id", 4], ["LIMIT", 1]]
[active_model_serializers] Rendered ActiveModel::Serializer::Null with Class (0.13ms)
Completed 200 OK in 62ms (Views: 13.1ms | ActiveRecord: 20.2ms)


Started POST "/api/v1/login" for 127.0.0.1 at 2018-03-24 16:28:17 -0400
Processing by Api::V1::AuthController#login as */*
  Parameters: {"username"=>"siobhan", "password"=>"[FILTERED]", "auth"=>{"username"=>"siobhan", "password"=>"[FILTERED]"}}
  [1m[36mUser Load (1.2ms)[0m  [1m[34mSELECT  "users".* FROM "users" WHERE "users"."username" = $1 LIMIT $2[0m  [["username", "siobhan"], ["LIMIT", 1]]
  [1m[36mUser Load (0.3ms)[0m  [1m[34mSELECT  "users".* FROM "users" WHERE "users"."id" = $1 LIMIT $2[0m  [["id", 4], ["LIMIT", 1]]
[active_model_serializers] Rendered ActiveModel::Serializer::Null with Hash (0.11ms)
Completed 200 OK in 100ms (Views: 3.3ms | ActiveRecord: 17.1ms)


Started GET "/api/v1/users/1" for 127.0.0.1 at 2018-03-24 16:28:17 -0400
Processing by Api::V1::UsersController#show as */*
  Parameters: {"id"=>"1"}
  [1m[36mUser Load (0.4ms)[0m  [1m[34mSELECT  "users".* FROM "users" WHERE "users"."id" = $1 LIMIT $2[0m  [["id", 1], ["LIMIT", 1]]
  [1m[36mJob Load (27.3ms)[0m  [1m[34mSELECT "jobs".* FROM "jobs" INNER JOIN "user_jobs" ON "jobs"."id" = "user_jobs"."job_id" WHERE "user_jobs"."user_id" = $1[0m  [["user_id", 1]]
  [1m[36mCompany Load (13.7ms)[0m  [1m[34mSELECT  "companies".* FROM "companies" WHERE "companies"."id" = $1 LIMIT $2[0m  [["id", 1], ["LIMIT", 1]]
  [1m[36mCompany Load (0.9ms)[0m  [1m[34mSELECT  "companies".* FROM "companies" WHERE "companies"."id" = $1 LIMIT $2[0m  [["id", 2], ["LIMIT", 1]]
  [1m[36mCompany Load (0.5ms)[0m  [1m[34mSELECT  "companies".* FROM "companies" WHERE "companies"."id" = $1 LIMIT $2[0m  [["id", 6], ["LIMIT", 1]]
  [1m[36mCompany Load (0.6ms)[0m  [1m[34mSELECT  "companies".* FROM "companies" WHERE "companies"."id" = $1 LIMIT $2[0m  [["id", 8], ["LIMIT", 1]]
  [1m[36mCompany Load (0.6ms)[0m  [1m[34mSELECT  "companies".* FROM "companies" WHERE "companies"."id" = $1 LIMIT $2[0m  [["id", 3], ["LIMIT", 1]]
  [1m[36mCompany Load (1.2ms)[0m  [1m[34mSELECT  "companies".* FROM "companies" WHERE "companies"."id" = $1 LIMIT $2[0m  [["id", 9], ["LIMIT", 1]]
Started GET "/api/v1/current_user" for 127.0.0.1 at 2018-03-24 16:28:17 -0400
Processing by Api::V1::AuthController#currentUser as */*
  Parameters: {"auth"=>{}}
  [1m[36mCompany Load (3.1ms)[0m  [1m[34mSELECT  "companies".* FROM "companies" WHERE "companies"."id" = $1 LIMIT $2[0m  [["id", 4], ["LIMIT", 1]]
  [1m[36mCompany Load (0.3ms)[0m  [1m[34mSELECT  "companies".* FROM "companies" WHERE "companies"."id" = $1 LIMIT $2[0m  [["id", 5], ["LIMIT", 1]]
  [1m[36mCompany Load (0.3ms)[0m  [1m[34mSELECT  "companies".* FROM "companies" WHERE "companies"."id" = $1 LIMIT $2[0m  [["id", 10], ["LIMIT", 1]]
  [1m[36mCategory Load (1.6ms)[0m  [1m[34mSELECT  "categories".* FROM "categories" WHERE "categories"."id" = $1 LIMIT $2[0m  [["id", 2], ["LIMIT", 1]]
  [1m[36mUser Load (1.5ms)[0m  [1m[34mSELECT  "users".* FROM "users" WHERE "users"."id" = $1 LIMIT $2[0m  [["id", 1], ["LIMIT", 1]]
[active_model_serializers] Rendered ActiveModel::Serializer::Null with Hash (0.18ms)
Completed 200 OK in 49ms (Views: 1.2ms | ActiveRecord: 29.6ms)


  [1m[36mCategory Load (1.1ms)[0m  [1m[34mSELECT  "categories".* FROM "categories" WHERE "categories"."id" = $1 LIMIT $2[0m  [["id", 3], ["LIMIT", 1]]
  [1m[36mCategory Load (0.4ms)[0m  [1m[34mSELECT  "categories".* FROM "categories" WHERE "categories"."id" = $1 LIMIT $2[0m  [["id", 1], ["LIMIT", 1]]
  [1m[36mCACHE Category Load (0.0ms)[0m  [1m[34mSELECT  "categories".* FROM "categories" WHERE "categories"."id" = $1 LIMIT $2[0m  [["id", 1], ["LIMIT", 1]]
  [1m[36mCACHE Category Load (0.0ms)[0m  [1m[34mSELECT  "categories".* FROM "categories" WHERE "categories"."id" = $1 LIMIT $2[0m  [["id", 1], ["LIMIT", 1]]
Started GET "/api/v1/users/1" for 127.0.0.1 at 2018-03-24 16:28:17 -0400
Processing by Api::V1::UsersController#show as */*
  Parameters: {"id"=>"1"}
  [1m[36mIndustry Load (14.8ms)[0m  [1m[34mSELECT  "industries".* FROM "industries" WHERE "industries"."id" = $1 LIMIT $2[0m  [["id", 1], ["LIMIT", 1]]
  [1m[36mUser Load (8.1ms)[0m  [1m[34mSELECT  "users".* FROM "users" WHERE "users"."id" = $1 LIMIT $2[0m  [["id", 1], ["LIMIT", 1]]
  [1m[36mIndustry Load (2.8ms)[0m  [1m[34mSELECT  "industries".* FROM "industries" WHERE "industries"."id" = $1 LIMIT $2[0m  [["id", 2], ["LIMIT", 1]]
  [1m[36mCACHE Industry Load (0.0ms)[0m  [1m[34mSELECT  "industries".* FROM "industries" WHERE "industries"."id" = $1 LIMIT $2[0m  [["id", 1], ["LIMIT", 1]]
  [1m[36mCACHE Industry Load (0.0ms)[0m  [1m[34mSELECT  "industries".* FROM "industries" WHERE "industries"."id" = $1 LIMIT $2[0m  [["id", 2], ["LIMIT", 1]]
  [1m[36mCACHE Industry Load (0.0ms)[0m  [1m[34mSELECT  "industries".* FROM "industries" WHERE "industries"."id" = $1 LIMIT $2[0m  [["id", 1], ["LIMIT", 1]]
  [1m[36mCACHE Industry Load (0.0ms)[0m  [1m[34mSELECT  "industries".* FROM "industries" WHERE "industries"."id" = $1 LIMIT $2[0m  [["id", 1], ["LIMIT", 1]]
  [1m[36mCACHE Industry Load (0.0ms)[0m  [1m[34mSELECT  "industries".* FROM "industries" WHERE "industries"."id" = $1 LIMIT $2[0m  [["id", 2], ["LIMIT", 1]]
  [1m[36mIndustry Load (0.4ms)[0m  [1m[34mSELECT  "industries".* FROM "industries" WHERE "industries"."id" = $1 LIMIT $2[0m  [["id", 3], ["LIMIT", 1]]
  [1m[36mIndustry Load (0.7ms)[0m  [1m[34mSELECT  "industries".* FROM "industries" WHERE "industries"."id" = $1 LIMIT $2[0m  [["id", 4], ["LIMIT", 1]]
  [1m[36mUser Load (0.7ms)[0m  [1m[34mSELECT  "users".* FROM "users" WHERE "users"."id" IS NULL LIMIT $1[0m  [["LIMIT", 1]]
  [1m[36mJob Load (21.6ms)[0m  [1m[34mSELECT "jobs".* FROM "jobs" INNER JOIN "user_jobs" ON "jobs"."id" = "user_jobs"."job_id" WHERE "user_jobs"."user_id" = $1[0m  [["user_id", 1]]
  [1m[36mCompany Load (4.3ms)[0m  [1m[34mSELECT  "companies".* FROM "companies" WHERE "companies"."id" = $1 LIMIT $2[0m  [["id", 1], ["LIMIT", 1]]
  [1m[36mCompany Load (1.9ms)[0m  [1m[34mSELECT  "companies".* FROM "companies" WHERE "companies"."id" = $1 LIMIT $2[0m  [["id", 2], ["LIMIT", 1]]
  [1m[36mCompany Load (8.9ms)[0m  [1m[34mSELECT  "companies".* FROM "companies" WHERE "companies"."id" = $1 LIMIT $2[0m  [["id", 6], ["LIMIT", 1]]
  [1m[36mCompany Load (2.2ms)[0m  [1m[34mSELECT  "companies".* FROM "companies" WHERE "companies"."id" = $1 LIMIT $2[0m  [["id", 8], ["LIMIT", 1]]
  [1m[36mCompany Load (0.8ms)[0m  [1m[34mSELECT  "companies".* FROM "companies" WHERE "companies"."id" = $1 LIMIT $2[0m  [["id", 3], ["LIMIT", 1]]
[active_model_serializers]   [1m[36mNote Load (19.5ms)[0m  [1m[34mSELECT "notes".* FROM "notes" WHERE "notes"."user_id" = $1[0m  [["user_id", 1]]
  [1m[36mCompany Load (1.8ms)[0m  [1m[34mSELECT  "companies".* FROM "companies" WHERE "companies"."id" = $1 LIMIT $2[0m  [["id", 9], ["LIMIT", 1]]
  [1m[36mCompany Load (0.8ms)[0m  [1m[34mSELECT  "companies".* FROM "companies" WHERE "companies"."id" = $1 LIMIT $2[0m  [["id", 4], ["LIMIT", 1]]
  [1m[36mCompany Load (15.6ms)[0m  [1m[34mSELECT  "companies".* FROM "companies" WHERE "companies"."id" = $1 LIMIT $2[0m  [["id", 5], ["LIMIT", 1]]
  [1m[36mCompany Load (0.5ms)[0m  [1m[34mSELECT  "companies".* FROM "companies" WHERE "companies"."id" = $1 LIMIT $2[0m  [["id", 10], ["LIMIT", 1]]
  [1m[36mCategory Load (2.5ms)[0m  [1m[34mSELECT  "categories".* FROM "categories" WHERE "categories"."id" = $1 LIMIT $2[0m  [["id", 2], ["LIMIT", 1]]
  [1m[36mCategory Load (0.6ms)[0m  [1m[34mSELECT  "categories".* FROM "categories" WHERE "categories"."id" = $1 LIMIT $2[0m  [["id", 3], ["LIMIT", 1]]
  [1m[36mCategory Load (1.1ms)[0m  [1m[34mSELECT  "categories".* FROM "categories" WHERE "categories"."id" = $1 LIMIT $2[0m  [["id", 1], ["LIMIT", 1]]
  [1m[36mCACHE Category Load (0.0ms)[0m  [1m[34mSELECT  "categories".* FROM "categories" WHERE "categories"."id" = $1 LIMIT $2[0m  [["id", 1], ["LIMIT", 1]]
  [1m[36mCACHE Category Load (0.0ms)[0m  [1m[34mSELECT  "categories".* FROM "categories" WHERE "categories"."id" = $1 LIMIT $2[0m  [["id", 1], ["LIMIT", 1]]
  [1m[36mIndustry Load (1.9ms)[0m  [1m[34mSELECT  "industries".* FROM "industries" WHERE "industries"."id" = $1 LIMIT $2[0m  [["id", 1], ["LIMIT", 1]]
[active_model_serializers]   [1m[36mBookmark Load (6.8ms)[0m  [1m[34mSELECT "bookmarks".* FROM "bookmarks" WHERE "bookmarks"."user_id" = $1[0m  [["user_id", 1]]
  [1m[36mIndustry Load (1.3ms)[0m  [1m[34mSELECT  "industries".* FROM "industries" WHERE "industries"."id" = $1 LIMIT $2[0m  [["id", 2], ["LIMIT", 1]]
  [1m[36mCACHE Industry Load (0.0ms)[0m  [1m[34mSELECT  "industries".* FROM "industries" WHERE "industries"."id" = $1 LIMIT $2[0m  [["id", 1], ["LIMIT", 1]]
  [1m[36mCACHE Industry Load (0.0ms)[0m  [1m[34mSELECT  "industries".* FROM "industries" WHERE "industries"."id" = $1 LIMIT $2[0m  [["id", 2], ["LIMIT", 1]]
  [1m[36mCACHE Industry Load (0.0ms)[0m  [1m[34mSELECT  "industries".* FROM "industries" WHERE "industries"."id" = $1 LIMIT $2[0m  [["id", 1], ["LIMIT", 1]]
  [1m[36mCACHE Industry Load (0.0ms)[0m  [1m[34mSELECT  "industries".* FROM "industries" WHERE "industries"."id" = $1 LIMIT $2[0m  [["id", 1], ["LIMIT", 1]]
  [1m[36mCACHE Industry Load (0.0ms)[0m  [1m[34mSELECT  "industries".* FROM "industries" WHERE "industries"."id" = $1 LIMIT $2[0m  [["id", 2], ["LIMIT", 1]]
  [1m[36mIndustry Load (0.6ms)[0m  [1m[34mSELECT  "industries".* FROM "industries" WHERE "industries"."id" = $1 LIMIT $2[0m  [["id", 3], ["LIMIT", 1]]
  [1m[36mIndustry Load (0.4ms)[0m  [1m[34mSELECT  "industries".* FROM "industries" WHERE "industries"."id" = $1 LIMIT $2[0m  [["id", 4], ["LIMIT", 1]]
[active_model_serializers] Rendered ActiveModel::Serializer::Null with Hash (96.45ms)
Completed 200 OK in 494ms (Views: 54.8ms | ActiveRecord: 159.2ms)


  [1m[36mUser Load (0.6ms)[0m  [1m[34mSELECT  "users".* FROM "users" WHERE "users"."id" IS NULL LIMIT $1[0m  [["LIMIT", 1]]
[active_model_serializers]   [1m[36mNote Load (0.6ms)[0m  [1m[34mSELECT "notes".* FROM "notes" WHERE "notes"."user_id" = $1[0m  [["user_id", 1]]
[active_model_serializers]   [1m[36mBookmark Load (1.0ms)[0m  [1m[34mSELECT "bookmarks".* FROM "bookmarks" WHERE "bookmarks"."user_id" = $1[0m  [["user_id", 1]]
[active_model_serializers] Rendered ActiveModel::Serializer::Null with Hash (19.42ms)
Completed 200 OK in 150ms (Views: 19.8ms | ActiveRecord: 77.7ms)


Started POST "/api/v1/users/1/jobs" for 127.0.0.1 at 2018-03-24 16:28:45 -0400
Processing by Api::V1::UsersController#add_jobs as */*
  Parameters: {"jobs"=>{"title"=>"Software Engineer - San Francisco, CA", "date_published"=>"2018-03-15T14:52:17.01014Z", "contents"=>"<p><strong>Company Description</strong><br> Dropbox is a leading global collaboration platform that's transforming the way people work together, from the smallest business to the largest enterprise. With more than 500 million registered users across more than 180 countries, our mission is to unleash the world's creative energy by designing a more enlightened way of working. Headquartered in San Francisco, CA, Dropbox has more than 12 offices around the world.<br><br> <strong>Team Description</strong><br> Our Engineering team is working to simplify the way people work together. They're building a family of products that handle over a billion files a day for people around the world. With our broad mission and massive scale, there are countless opportunities to make an impact.<br><br><strong>Role Description</strong><br>Want to make your application stand out? Take this optional challenge! It's also great practice for interviewing at Dropbox:<br><br>http://hr.gs/redbluebluered<br><br>Our Engineering team is architecting a family of products that handle over a billion files a day. We take on the complexities of technology that affect everyday life, so that people can get back to living and doing their best work.<br><br>We've developed a set of values that enables us to do this. Specifically, we write great software and sweat the details, relentlessly focus on impact, and create a harmonious culture. Creating elegant products begins with lots of prototyping and iteration to explore the problem space. It culminates in careful attention to edge cases and error handling, polished code, and great tests to ensure that we ship a reliable product that never compromises data integrity or security. Every Dropbox software release improves millions of lives, and you'll find a high petabyte-to-engineer ratio here. We're all about shipping high-leverage projects, even if they're risky or novel. We care deeply about collaboration, feedback, and iteration. Trust and respect are deeply rooted in our engineering culture.<br><br>If you are a new grad or intern please apply directly to that role.<br><br><strong>Responsibilities</strong><br><ul><li>Build infrastructure to handle metadata for hundreds of billions of files, hundreds of petabytes of user data, and millions of concurrent connections</li><li>Create a platform that is the fabric connecting over 300,000 of the world's apps, devices, and services; redefine \"sync\" for a mobile era (see the inaugural DBX conference for more)</li><li>You will measure, optimize, and build one of industry's most advanced analytics platforms to derive meaning from vast amounts of data</li><li>Craft the data and networking layers that enable rapid product innovation across Android, iOS, and mobile web</li><li>Push the boundaries of OS integration on Mac, Windows, Android, iOS, and Linux. For example, on OS X we had to reverse-engineer the Finder to show current file sync status, and on Android and iOS we've optimized JSON parsing and have built custom bitmap caches to present lightning-fast views of tens of thousands of photos</li><li>Enable our users to store and share billions of memories on Dropbox, and make these experiences delightful, from our mobile photo uploaders and web albums to a host of exciting features that will launch over the next few months</li><li>You can help millions of businesses around the world who run on Dropbox, from your neighborhood corner store all the way up to Fortune 500 companies; Come build Dropbox Business to help teams be more productive</li></ul><strong>Requirements</strong><br><ul><li>3+ years of work related industry experience</li><li>A desire to take Dropbox even further. If these large-scale projects resonate, we'd love to learn more about you and find out if we can work together.</li><li>Bachelor degree orequivalentis required for this role.</li></ul><strong>Benefits and Perks</strong><br><ul><li>100% company paid individual medical, dental, &amp; vision insurance coverage</li><li>401k + company match</li><li>Market competitive total compensation package</li><li>Free Dropbox space for your friends and family</li><li>Wellness Reimbursement</li><li>Generous vacation policy</li><li>10 company paid holidays</li><li>Volunteer time off</li><li>Company sponsored tech talks (technology and other relevant professional topics)</li></ul>Dropbox is an equal opportunity employer. We are a welcoming place for everyone, and we do our best to make sure all people feel supported and connected at work. A big part of that effort is our support for members and allies of internal groups like Asians at Dropbox, BlackDropboxers, Latinx, Pridebox (LGBTQ), Vets at Dropbox, Women at Dropbox, ATX Diversity (based in Austin, Texas) and the Dropbox Empowerment Network (based in Dublin, Ireland).<br><br></p>", "museId"=>1087396, "location"=>"San Francisco, CA", "level"=>"Mid Level", "date_saved"=>1521923325655, "applied_status"=>false, "company_museId"=>877, "category"=>{"name"=>"Engineering"}, "overall_active_status"=>true}, "id"=>"1", "user"=>{}}
  [1m[36mUser Load (0.3ms)[0m  [1m[34mSELECT  "users".* FROM "users" WHERE "users"."id" = $1 LIMIT $2[0m  [["id", 1], ["LIMIT", 1]]
  [1m[36mCompany Load (0.5ms)[0m  [1m[34mSELECT  "companies".* FROM "companies" WHERE "companies"."museId" = $1 LIMIT $2[0m  [["museId", 877], ["LIMIT", 1]]
  [1m[36mIndustry Load (0.5ms)[0m  [1m[34mSELECT  "industries".* FROM "industries" WHERE "industries"."name" = $1 LIMIT $2[0m  [["name", "Tech"], ["LIMIT", 1]]
  [1m[36mCategory Load (0.4ms)[0m  [1m[34mSELECT  "categories".* FROM "categories" WHERE "categories"."name" = $1 LIMIT $2[0m  [["name", "Engineering"], ["LIMIT", 1]]
  [1m[35m (0.2ms)[0m  [1m[35mBEGIN[0m
  [1m[35m (0.2ms)[0m  [1m[35mCOMMIT[0m
  [1m[35m (0.2ms)[0m  [1m[35mBEGIN[0m
  [1m[36mCompany Load (0.2ms)[0m  [1m[34mSELECT  "companies".* FROM "companies" WHERE "companies"."id" = $1 LIMIT $2[0m  [["id", 1], ["LIMIT", 1]]
  [1m[35mSQL (28.7ms)[0m  [1m[32mINSERT INTO "jobs" ("title", "date_published", "contents", "museId", "location", "level", "date_saved", "overall_active_status", "applied_status", "company_name", "company_industry", "company_museId", "company_id", "created_at", "updated_at") VALUES ($1, $2, $3, $4, $5, $6, $7, $8, $9, $10, $11, $12, $13, $14, $15) RETURNING "id"[0m  [["title", "Software Engineer - San Francisco, CA"], ["date_published", "2018-03-15T14:52:17.01014Z"], ["contents", "<p><strong>Company Description</strong><br> Dropbox is a leading global collaboration platform that's transforming the way people work together, from the smallest business to the largest enterprise. With more than 500 million registered users across more than 180 countries, our mission is to unleash the world's creative energy by designing a more enlightened way of working. Headquartered in San Francisco, CA, Dropbox has more than 12 offices around the world.<br><br> <strong>Team Description</strong><br> Our Engineering team is working to simplify the way people work together. They're building a family of products that handle over a billion files a day for people around the world. With our broad mission and massive scale, there are countless opportunities to make an impact.<br><br><strong>Role Description</strong><br>Want to make your application stand out? Take this optional challenge! It's also great practice for interviewing at Dropbox:<br><br>http://hr.gs/redbluebluered<br><br>Our Engineering team is architecting a family of products that handle over a billion files a day. We take on the complexities of technology that affect everyday life, so that people can get back to living and doing their best work.<br><br>We've developed a set of values that enables us to do this. Specifically, we write great software and sweat the details, relentlessly focus on impact, and create a harmonious culture. Creating elegant products begins with lots of prototyping and iteration to explore the problem space. It culminates in careful attention to edge cases and error handling, polished code, and great tests to ensure that we ship a reliable product that never compromises data integrity or security. Every Dropbox software release improves millions of lives, and you'll find a high petabyte-to-engineer ratio here. We're all about shipping high-leverage projects, even if they're risky or novel. We care deeply about collaboration, feedback, and iteration. Trust and respect are deeply rooted in our engineering culture.<br><br>If you are a new grad or intern please apply directly to that role.<br><br><strong>Responsibilities</strong><br><ul><li>Build infrastructure to handle metadata for hundreds of billions of files, hundreds of petabytes of user data, and millions of concurrent connections</li><li>Create a platform that is the fabric connecting over 300,000 of the world's apps, devices, and services; redefine \"sync\" for a mobile era (see the inaugural DBX conference for more)</li><li>You will measure, optimize, and build one of industry's most advanced analytics platforms to derive meaning from vast amounts of data</li><li>Craft the data and networking layers that enable rapid product innovation across Android, iOS, and mobile web</li><li>Push the boundaries of OS integration on Mac, Windows, Android, iOS, and Linux. For example, on OS X we had to reverse-engineer the Finder to show current file sync status, and on Android and iOS we've optimized JSON parsing and have built custom bitmap caches to present lightning-fast views of tens of thousands of photos</li><li>Enable our users to store and share billions of memories on Dropbox, and make these experiences delightful, from our mobile photo uploaders and web albums to a host of exciting features that will launch over the next few months</li><li>You can help millions of businesses around the world who run on Dropbox, from your neighborhood corner store all the way up to Fortune 500 companies; Come build Dropbox Business to help teams be more productive</li></ul><strong>Requirements</strong><br><ul><li>3+ years of work related industry experience</li><li>A desire to take Dropbox even further. If these large-scale projects resonate, we'd love to learn more about you and find out if we can work together.</li><li>Bachelor degree orequivalentis required for this role.</li></ul><strong>Benefits and Perks</strong><br><ul><li>100% company paid individual medical, dental, &amp; vision insurance coverage</li><li>401k + company match</li><li>Market competitive total compensation package</li><li>Free Dropbox space for your friends and family</li><li>Wellness Reimbursement</li><li>Generous vacation policy</li><li>10 company paid holidays</li><li>Volunteer time off</li><li>Company sponsored tech talks (technology and other relevant professional topics)</li></ul>Dropbox is an equal opportunity employer. We are a welcoming place for everyone, and we do our best to make sure all people feel supported and connected at work. A big part of that effort is our support for members and allies of internal groups like Asians at Dropbox, BlackDropboxers, Latinx, Pridebox (LGBTQ), Vets at Dropbox, Women at Dropbox, ATX Diversity (based in Austin, Texas) and the Dropbox Empowerment Network (based in Dublin, Ireland).<br><br></p>"], ["museId", 1087396], ["location", "San Francisco, CA"], ["level", "Mid Level"], ["date_saved", "2018-03-24 20:28:46.070899"], ["overall_active_status", "t"], ["applied_status", "f"], ["company_name", "Dropbox"], ["company_industry", "Tech"], ["company_museId", 877], ["company_id", 1], ["created_at", "2018-03-24 20:28:46.073628"], ["updated_at", "2018-03-24 20:28:46.073628"]]
  [1m[35m (2.1ms)[0m  [1m[35mCOMMIT[0m
  [1m[35m (0.2ms)[0m  [1m[35mBEGIN[0m
  [1m[35mSQL (1.3ms)[0m  [1m[33mUPDATE "jobs" SET "category_name" = $1, "category_id" = $2, "updated_at" = $3 WHERE "jobs"."id" = $4[0m  [["category_name", "Engineering"], ["category_id", 1], ["updated_at", "2018-03-24 20:28:46.108603"], ["id", 14]]
  [1m[35m (0.4ms)[0m  [1m[35mCOMMIT[0m
  [1m[35m (0.1ms)[0m  [1m[35mBEGIN[0m
  [1m[35mSQL (1.7ms)[0m  [1m[32mINSERT INTO "user_jobs" ("user_id", "job_id", "created_at", "updated_at") VALUES ($1, $2, $3, $4) RETURNING "id"[0m  [["user_id", 1], ["job_id", 14], ["created_at", "2018-03-24 20:28:46.122600"], ["updated_at", "2018-03-24 20:28:46.122600"]]
  [1m[35m (0.4ms)[0m  [1m[35mCOMMIT[0m
  [1m[36mUser Load (0.4ms)[0m  [1m[34mSELECT  "users".* FROM "users" WHERE "users"."id" IS NULL LIMIT $1[0m  [["LIMIT", 1]]
  [1m[36mJob Load (1.1ms)[0m  [1m[34mSELECT "jobs".* FROM "jobs" INNER JOIN "user_jobs" ON "jobs"."id" = "user_jobs"."job_id" WHERE "user_jobs"."user_id" = $1[0m  [["user_id", 1]]
[active_model_serializers]   [1m[36mCompany Load (0.3ms)[0m  [1m[34mSELECT  "companies".* FROM "companies" WHERE "companies"."id" = $1 LIMIT $2[0m  [["id", 1], ["LIMIT", 1]]
[active_model_serializers]   [1m[36mUser Load (0.4ms)[0m  [1m[34mSELECT "users".* FROM "users" INNER JOIN "user_jobs" ON "users"."id" = "user_jobs"."user_id" WHERE "user_jobs"."job_id" = $1[0m  [["job_id", 2]]
[active_model_serializers]   [1m[36mNote Load (1.9ms)[0m  [1m[34mSELECT "notes".* FROM "notes" WHERE "notes"."job_id" = $1[0m  [["job_id", 2]]
[active_model_serializers]   [1m[36mBookmark Load (8.7ms)[0m  [1m[34mSELECT "bookmarks".* FROM "bookmarks" WHERE "bookmarks"."job_id" = $1[0m  [["job_id", 2]]
[active_model_serializers]   [1m[36mCategory Load (0.6ms)[0m  [1m[34mSELECT  "categories".* FROM "categories" WHERE "categories"."id" = $1 LIMIT $2[0m  [["id", 2], ["LIMIT", 1]]
[active_model_serializers]   [1m[36mCompany Load (0.3ms)[0m  [1m[34mSELECT  "companies".* FROM "companies" WHERE "companies"."id" = $1 LIMIT $2[0m  [["id", 2], ["LIMIT", 1]]
[active_model_serializers]   [1m[36mUser Load (0.5ms)[0m  [1m[34mSELECT "users".* FROM "users" INNER JOIN "user_jobs" ON "users"."id" = "user_jobs"."user_id" WHERE "user_jobs"."job_id" = $1[0m  [["job_id", 3]]
[active_model_serializers]   [1m[36mNote Load (0.5ms)[0m  [1m[34mSELECT "notes".* FROM "notes" WHERE "notes"."job_id" = $1[0m  [["job_id", 3]]
[active_model_serializers]   [1m[36mBookmark Load (0.4ms)[0m  [1m[34mSELECT "bookmarks".* FROM "bookmarks" WHERE "bookmarks"."job_id" = $1[0m  [["job_id", 3]]
[active_model_serializers]   [1m[36mCompany Load (0.3ms)[0m  [1m[34mSELECT  "companies".* FROM "companies" WHERE "companies"."id" = $1 LIMIT $2[0m  [["id", 6], ["LIMIT", 1]]
[active_model_serializers]   [1m[36mUser Load (0.5ms)[0m  [1m[34mSELECT "users".* FROM "users" INNER JOIN "user_jobs" ON "users"."id" = "user_jobs"."user_id" WHERE "user_jobs"."job_id" = $1[0m  [["job_id", 7]]
[active_model_serializers]   [1m[36mNote Load (0.4ms)[0m  [1m[34mSELECT "notes".* FROM "notes" WHERE "notes"."job_id" = $1[0m  [["job_id", 7]]
[active_model_serializers]   [1m[36mBookmark Load (0.3ms)[0m  [1m[34mSELECT "bookmarks".* FROM "bookmarks" WHERE "bookmarks"."job_id" = $1[0m  [["job_id", 7]]
[active_model_serializers]   [1m[36mCompany Load (0.3ms)[0m  [1m[34mSELECT  "companies".* FROM "companies" WHERE "companies"."id" = $1 LIMIT $2[0m  [["id", 8], ["LIMIT", 1]]
[active_model_serializers]   [1m[36mUser Load (0.5ms)[0m  [1m[34mSELECT "users".* FROM "users" INNER JOIN "user_jobs" ON "users"."id" = "user_jobs"."user_id" WHERE "user_jobs"."job_id" = $1[0m  [["job_id", 9]]
[active_model_serializers]   [1m[36mNote Load (0.4ms)[0m  [1m[34mSELECT "notes".* FROM "notes" WHERE "notes"."job_id" = $1[0m  [["job_id", 9]]
[active_model_serializers]   [1m[36mBookmark Load (0.3ms)[0m  [1m[34mSELECT "bookmarks".* FROM "bookmarks" WHERE "bookmarks"."job_id" = $1[0m  [["job_id", 9]]
[active_model_serializers]   [1m[36mCategory Load (0.3ms)[0m  [1m[34mSELECT  "categories".* FROM "categories" WHERE "categories"."id" = $1 LIMIT $2[0m  [["id", 3], ["LIMIT", 1]]
[active_model_serializers]   [1m[36mCompany Load (0.2ms)[0m  [1m[34mSELECT  "companies".* FROM "companies" WHERE "companies"."id" = $1 LIMIT $2[0m  [["id", 3], ["LIMIT", 1]]
[active_model_serializers]   [1m[36mUser Load (0.5ms)[0m  [1m[34mSELECT "users".* FROM "users" INNER JOIN "user_jobs" ON "users"."id" = "user_jobs"."user_id" WHERE "user_jobs"."job_id" = $1[0m  [["job_id", 4]]
[active_model_serializers]   [1m[36mNote Load (0.5ms)[0m  [1m[34mSELECT "notes".* FROM "notes" WHERE "notes"."job_id" = $1[0m  [["job_id", 4]]
[active_model_serializers]   [1m[36mBookmark Load (0.3ms)[0m  [1m[34mSELECT "bookmarks".* FROM "bookmarks" WHERE "bookmarks"."job_id" = $1[0m  [["job_id", 4]]
[active_model_serializers]   [1m[36mCompany Load (0.2ms)[0m  [1m[34mSELECT  "companies".* FROM "companies" WHERE "companies"."id" = $1 LIMIT $2[0m  [["id", 9], ["LIMIT", 1]]
[active_model_serializers]   [1m[36mUser Load (0.5ms)[0m  [1m[34mSELECT "users".* FROM "users" INNER JOIN "user_jobs" ON "users"."id" = "user_jobs"."user_id" WHERE "user_jobs"."job_id" = $1[0m  [["job_id", 12]]
[active_model_serializers]   [1m[36mNote Load (0.4ms)[0m  [1m[34mSELECT "notes".* FROM "notes" WHERE "notes"."job_id" = $1[0m  [["job_id", 12]]
[active_model_serializers]   [1m[36mBookmark Load (0.4ms)[0m  [1m[34mSELECT "bookmarks".* FROM "bookmarks" WHERE "bookmarks"."job_id" = $1[0m  [["job_id", 12]]
[active_model_serializers]   [1m[36mCategory Load (0.4ms)[0m  [1m[34mSELECT  "categories".* FROM "categories" WHERE "categories"."id" = $1 LIMIT $2[0m  [["id", 1], ["LIMIT", 1]]
[active_model_serializers]   [1m[36mCompany Load (0.3ms)[0m  [1m[34mSELECT  "companies".* FROM "companies" WHERE "companies"."id" = $1 LIMIT $2[0m  [["id", 4], ["LIMIT", 1]]
[active_model_serializers]   [1m[36mUser Load (0.3ms)[0m  [1m[34mSELECT "users".* FROM "users" INNER JOIN "user_jobs" ON "users"."id" = "user_jobs"."user_id" WHERE "user_jobs"."job_id" = $1[0m  [["job_id", 5]]
[active_model_serializers]   [1m[36mNote Load (0.3ms)[0m  [1m[34mSELECT "notes".* FROM "notes" WHERE "notes"."job_id" = $1[0m  [["job_id", 5]]
[active_model_serializers]   [1m[36mBookmark Load (0.2ms)[0m  [1m[34mSELECT "bookmarks".* FROM "bookmarks" WHERE "bookmarks"."job_id" = $1[0m  [["job_id", 5]]
[active_model_serializers]   [1m[36mCACHE Category Load (0.0ms)[0m  [1m[34mSELECT  "categories".* FROM "categories" WHERE "categories"."id" = $1 LIMIT $2[0m  [["id", 1], ["LIMIT", 1]]
[active_model_serializers]   [1m[36mCompany Load (0.2ms)[0m  [1m[34mSELECT  "companies".* FROM "companies" WHERE "companies"."id" = $1 LIMIT $2[0m  [["id", 5], ["LIMIT", 1]]
[active_model_serializers]   [1m[36mUser Load (0.3ms)[0m  [1m[34mSELECT "users".* FROM "users" INNER JOIN "user_jobs" ON "users"."id" = "user_jobs"."user_id" WHERE "user_jobs"."job_id" = $1[0m  [["job_id", 11]]
[active_model_serializers]   [1m[36mNote Load (0.2ms)[0m  [1m[34mSELECT "notes".* FROM "notes" WHERE "notes"."job_id" = $1[0m  [["job_id", 11]]
[active_model_serializers]   [1m[36mBookmark Load (0.2ms)[0m  [1m[34mSELECT "bookmarks".* FROM "bookmarks" WHERE "bookmarks"."job_id" = $1[0m  [["job_id", 11]]
[active_model_serializers]   [1m[36mCACHE Category Load (0.0ms)[0m  [1m[34mSELECT  "categories".* FROM "categories" WHERE "categories"."id" = $1 LIMIT $2[0m  [["id", 1], ["LIMIT", 1]]
[active_model_serializers]   [1m[36mCompany Load (0.3ms)[0m  [1m[34mSELECT  "companies".* FROM "companies" WHERE "companies"."id" = $1 LIMIT $2[0m  [["id", 10], ["LIMIT", 1]]
[active_model_serializers]   [1m[36mUser Load (0.5ms)[0m  [1m[34mSELECT "users".* FROM "users" INNER JOIN "user_jobs" ON "users"."id" = "user_jobs"."user_id" WHERE "user_jobs"."job_id" = $1[0m  [["job_id", 13]]
[active_model_serializers]   [1m[36mNote Load (0.3ms)[0m  [1m[34mSELECT "notes".* FROM "notes" WHERE "notes"."job_id" = $1[0m  [["job_id", 13]]
[active_model_serializers]   [1m[36mBookmark Load (0.7ms)[0m  [1m[34mSELECT "bookmarks".* FROM "bookmarks" WHERE "bookmarks"."job_id" = $1[0m  [["job_id", 13]]
[active_model_serializers]   [1m[36mUser Load (0.4ms)[0m  [1m[34mSELECT "users".* FROM "users" INNER JOIN "user_jobs" ON "users"."id" = "user_jobs"."user_id" WHERE "user_jobs"."job_id" = $1[0m  [["job_id", 14]]
[active_model_serializers]   [1m[36mNote Load (0.2ms)[0m  [1m[34mSELECT "notes".* FROM "notes" WHERE "notes"."job_id" = $1[0m  [["job_id", 14]]
[active_model_serializers]   [1m[36mBookmark Load (0.2ms)[0m  [1m[34mSELECT "bookmarks".* FROM "bookmarks" WHERE "bookmarks"."job_id" = $1[0m  [["job_id", 14]]
[active_model_serializers]   [1m[36mCACHE Category Load (0.0ms)[0m  [1m[34mSELECT  "categories".* FROM "categories" WHERE "categories"."id" = $1 LIMIT $2[0m  [["id", 1], ["LIMIT", 1]]
[active_model_serializers] Rendered ActiveModel::Serializer::CollectionSerializer with ActiveModelSerializers::Adapter::Attributes (143.85ms)
Completed 200 OK in 632ms (Views: 142.8ms | ActiveRecord: 66.1ms)


Started POST "/api/v1/users/1/jobs" for 127.0.0.1 at 2018-03-24 16:28:52 -0400
Processing by Api::V1::UsersController#add_jobs as */*
  Parameters: {"jobs"=>{"title"=>"Algorithms Researcher", "date_published"=>"2018-02-02T19:39:15.728571Z", "contents"=>"<p><b>Algorithms Researcher</b> <br><br> We are: A team of engineers and finance geeks revolutionizing the finance service industry. Backed by BlackRock, we are a B2B2C enterprise SAAS company making software that allows our customers to retire in style. <br><br> We are making software that allows our customers to retire in style. Our company has a strong mission to ensure that high-quality investment management services are available to everyone. <br><br> The Models &amp; Algorithms team is a mix of researchers and engineers who work together to deliver scalable and automated portfolio management to thousands of clients every day. The team is responsible for all financial models used by the firm and the data analysis that comes with it. We interface with many other core company functions, such as partner implementations, compliance, and business development, to set requirements and architect solutions. <br><br><b> ROLE/RESPONSIBILITIES: </b><br> <ul><li> Implement and test algorithmic improvements to our portfolio trade optimization and projection analysis models. </li> <li> Design and build the metrics and tools needed to evaluate and monitor the output of these models, thus scaling our trading operations flow. </li> <li> Collaborate with researchers and engineers at BlackRock to leverage existing BlackRock technology and IP in our own models. </li> <li> Work closely with the engineering team to guide new features to production. </li> <li> Lead the bringup of customized versions of our trade optimization models. </li> <li> Document new models and features, and present them both internally and to partners. </li> <li> Work closely with model governance to ensure models are properly documented and receive the necessary approvals. </li> </ul><br><b> BASIC QUALIFICATIONS: </b><br> <ul><li> Masters or PhD in Operations Research, Economics, Computer Science, Mathematics, or a related field </li> <li> 2+ years industry experience </li> </ul><br><b> PREFERRED QUALIFICATIONS: </b><br> <ul><li> Strong quantitative skills in algorithms, linear optimization, and/or data analysis </li> <li> Ability to navigate large code bases and write research code, ideally in Ruby or Python </li> <li> Excellent written and oral communication skills </li> <li> Ability to engage with others and communicate effectively </li> <li> Ability to work independently with minimal direction </li> </ul><br><br> <b>FutureAdvisor is proud to be an Equal Opportunity and Affirmative Action Employer. We evaluate qualified applicants without regard to race, color, national origin, religion, sex, disability, veteran status, and other statuses protected by law.</b> <br><br> <b>FutureAdvisor will consider for employment qualified applicants with criminal histories in a manner consistent with the requirements of Article 49 of the San Francisco Police Code.</b> <br><br></p>", "museId"=>970718, "location"=>"San Francisco, CA", "level"=>"Entry Level", "date_saved"=>1521923332928, "applied_status"=>false, "company_museId"=>1262, "category"=>{"name"=>"Engineering"}, "overall_active_status"=>true}, "id"=>"1", "user"=>{}}
  [1m[36mUser Load (0.3ms)[0m  [1m[34mSELECT  "users".* FROM "users" WHERE "users"."id" = $1 LIMIT $2[0m  [["id", 1], ["LIMIT", 1]]
  [1m[36mCompany Load (0.5ms)[0m  [1m[34mSELECT  "companies".* FROM "companies" WHERE "companies"."museId" = $1 LIMIT $2[0m  [["museId", 1262], ["LIMIT", 1]]
  [1m[35m (0.2ms)[0m  [1m[35mBEGIN[0m
  [1m[35mSQL (1.7ms)[0m  [1m[32mINSERT INTO "companies" ("museId", "created_at", "updated_at") VALUES ($1, $2, $3) RETURNING "id"[0m  [["museId", 1262], ["created_at", "2018-03-24 20:28:52.936632"], ["updated_at", "2018-03-24 20:28:52.936632"]]
  [1m[35m (0.4ms)[0m  [1m[35mCOMMIT[0m
  [1m[36mIndustry Load (1.2ms)[0m  [1m[34mSELECT  "industries".* FROM "industries" WHERE "industries"."name" = $1 LIMIT $2[0m  [["name", "Finance"], ["LIMIT", 1]]
  [1m[35m (0.1ms)[0m  [1m[35mBEGIN[0m
  [1m[35mSQL (2.3ms)[0m  [1m[32mINSERT INTO "industries" ("name", "created_at", "updated_at") VALUES ($1, $2, $3) RETURNING "id"[0m  [["name", "Finance"], ["created_at", "2018-03-24 20:28:53.102917"], ["updated_at", "2018-03-24 20:28:53.102917"]]
  [1m[35m (5.3ms)[0m  [1m[35mCOMMIT[0m
  [1m[36mCategory Load (0.7ms)[0m  [1m[34mSELECT  "categories".* FROM "categories" WHERE "categories"."name" = $1 LIMIT $2[0m  [["name", "Engineering"], ["LIMIT", 1]]
  [1m[35m (0.3ms)[0m  [1m[35mBEGIN[0m
  [1m[35mSQL (0.6ms)[0m  [1m[33mUPDATE "companies" SET "name" = $1, "size" = $2, "location" = $3, "description" = $4, "twitter" = $5, "image_link" = $6, "image_link2" = $7, "image_mini" = $8, "company_logo" = $9, "industry_name" = $10, "industry_id" = $11, "updated_at" = $12 WHERE "companies"."id" = $13[0m  [["name", "FutureAdvisor"], ["size", "Small Size"], ["location", "San Francisco, CA"], ["description", "FutureAdvisor revolutionizes the financial services industry, creating software to provide people with personalized investment advice to help them meet their long-term financial goals."], ["twitter", "futureadvisor"], ["image_link", "https://assets.themuse.com/uploaded/companies/1262/pages/1133/f1.jpg?v=965bcef8a4d37e75463c6adff2d9fab7e98fdfb9d253dd0c8c1a40e4900fe414"], ["image_link2", "https://assets.themuse.com/uploaded/companies/1262/pages/1133/f2.jpg?v=7d025628f48655df1ed87cf55d4770eb361b13ab5cd820295d0e81482069ad83"], ["image_mini", "https://pilbox.themuse.com/image.jpg?url=https%3A%2F%2Fassets.themuse.com%2Fuploaded%2Fcompanies%2F1262%2Fpages%2F1133%2Ff1.jpg%3Fv%3D965bcef8a4d37e75463c6adff2d9fab7e98fdfb9d253dd0c8c1a40e4900fe414&h=135&w=183"], ["company_logo", "https://assets.themuse.com/uploaded/companies/1262/small_logo.png?v=054309a71c2b6580dd8b40dbba205c2e963a07a44c9660c824043cf7dce4af15"], ["industry_name", "Finance"], ["industry_id", 5], ["updated_at", "2018-03-24 20:28:53.115577"], ["id", 11]]
  [1m[35m (0.4ms)[0m  [1m[35mCOMMIT[0m
  [1m[35m (0.1ms)[0m  [1m[35mBEGIN[0m
  [1m[36mCompany Load (0.5ms)[0m  [1m[34mSELECT  "companies".* FROM "companies" WHERE "companies"."id" = $1 LIMIT $2[0m  [["id", 11], ["LIMIT", 1]]
  [1m[35mSQL (0.9ms)[0m  [1m[32mINSERT INTO "jobs" ("title", "date_published", "contents", "museId", "location", "level", "date_saved", "overall_active_status", "applied_status", "company_name", "company_industry", "company_museId", "company_id", "created_at", "updated_at") VALUES ($1, $2, $3, $4, $5, $6, $7, $8, $9, $10, $11, $12, $13, $14, $15) RETURNING "id"[0m  [["title", "Algorithms Researcher"], ["date_published", "2018-02-02T19:39:15.728571Z"], ["contents", "<p><b>Algorithms Researcher</b> <br><br> We are: A team of engineers and finance geeks revolutionizing the finance service industry. Backed by BlackRock, we are a B2B2C enterprise SAAS company making software that allows our customers to retire in style. <br><br> We are making software that allows our customers to retire in style. Our company has a strong mission to ensure that high-quality investment management services are available to everyone. <br><br> The Models &amp; Algorithms team is a mix of researchers and engineers who work together to deliver scalable and automated portfolio management to thousands of clients every day. The team is responsible for all financial models used by the firm and the data analysis that comes with it. We interface with many other core company functions, such as partner implementations, compliance, and business development, to set requirements and architect solutions. <br><br><b> ROLE/RESPONSIBILITIES: </b><br> <ul><li> Implement and test algorithmic improvements to our portfolio trade optimization and projection analysis models. </li> <li> Design and build the metrics and tools needed to evaluate and monitor the output of these models, thus scaling our trading operations flow. </li> <li> Collaborate with researchers and engineers at BlackRock to leverage existing BlackRock technology and IP in our own models. </li> <li> Work closely with the engineering team to guide new features to production. </li> <li> Lead the bringup of customized versions of our trade optimization models. </li> <li> Document new models and features, and present them both internally and to partners. </li> <li> Work closely with model governance to ensure models are properly documented and receive the necessary approvals. </li> </ul><br><b> BASIC QUALIFICATIONS: </b><br> <ul><li> Masters or PhD in Operations Research, Economics, Computer Science, Mathematics, or a related field </li> <li> 2+ years industry experience </li> </ul><br><b> PREFERRED QUALIFICATIONS: </b><br> <ul><li> Strong quantitative skills in algorithms, linear optimization, and/or data analysis </li> <li> Ability to navigate large code bases and write research code, ideally in Ruby or Python </li> <li> Excellent written and oral communication skills </li> <li> Ability to engage with others and communicate effectively </li> <li> Ability to work independently with minimal direction </li> </ul><br><br> <b>FutureAdvisor is proud to be an Equal Opportunity and Affirmative Action Employer. We evaluate qualified applicants without regard to race, color, national origin, religion, sex, disability, veteran status, and other statuses protected by law.</b> <br><br> <b>FutureAdvisor will consider for employment qualified applicants with criminal histories in a manner consistent with the requirements of Article 49 of the San Francisco Police Code.</b> <br><br></p>"], ["museId", 970718], ["location", "San Francisco, CA"], ["level", "Entry Level"], ["date_saved", "2018-03-24 20:28:53.118195"], ["overall_active_status", "t"], ["applied_status", "f"], ["company_name", "FutureAdvisor"], ["company_industry", "Finance"], ["company_museId", 1262], ["company_id", 11], ["created_at", "2018-03-24 20:28:53.121060"], ["updated_at", "2018-03-24 20:28:53.121060"]]
  [1m[35m (0.5ms)[0m  [1m[35mCOMMIT[0m
  [1m[35m (0.2ms)[0m  [1m[35mBEGIN[0m
  [1m[35mSQL (1.1ms)[0m  [1m[33mUPDATE "jobs" SET "category_name" = $1, "category_id" = $2, "updated_at" = $3 WHERE "jobs"."id" = $4[0m  [["category_name", "Engineering"], ["category_id", 1], ["updated_at", "2018-03-24 20:28:53.125673"], ["id", 15]]
  [1m[35m (0.4ms)[0m  [1m[35mCOMMIT[0m
  [1m[35m (0.2ms)[0m  [1m[35mBEGIN[0m
  [1m[35mSQL (0.5ms)[0m  [1m[32mINSERT INTO "user_jobs" ("user_id", "job_id", "created_at", "updated_at") VALUES ($1, $2, $3, $4) RETURNING "id"[0m  [["user_id", 1], ["job_id", 15], ["created_at", "2018-03-24 20:28:53.130814"], ["updated_at", "2018-03-24 20:28:53.130814"]]
  [1m[35m (0.4ms)[0m  [1m[35mCOMMIT[0m
  [1m[36mUser Load (0.4ms)[0m  [1m[34mSELECT  "users".* FROM "users" WHERE "users"."id" IS NULL LIMIT $1[0m  [["LIMIT", 1]]
  [1m[36mJob Load (1.5ms)[0m  [1m[34mSELECT "jobs".* FROM "jobs" INNER JOIN "user_jobs" ON "jobs"."id" = "user_jobs"."job_id" WHERE "user_jobs"."user_id" = $1[0m  [["user_id", 1]]
[active_model_serializers]   [1m[36mCompany Load (0.4ms)[0m  [1m[34mSELECT  "companies".* FROM "companies" WHERE "companies"."id" = $1 LIMIT $2[0m  [["id", 1], ["LIMIT", 1]]
[active_model_serializers]   [1m[36mUser Load (0.4ms)[0m  [1m[34mSELECT "users".* FROM "users" INNER JOIN "user_jobs" ON "users"."id" = "user_jobs"."user_id" WHERE "user_jobs"."job_id" = $1[0m  [["job_id", 2]]
[active_model_serializers]   [1m[36mNote Load (0.3ms)[0m  [1m[34mSELECT "notes".* FROM "notes" WHERE "notes"."job_id" = $1[0m  [["job_id", 2]]
[active_model_serializers]   [1m[36mBookmark Load (0.3ms)[0m  [1m[34mSELECT "bookmarks".* FROM "bookmarks" WHERE "bookmarks"."job_id" = $1[0m  [["job_id", 2]]
[active_model_serializers]   [1m[36mCategory Load (0.2ms)[0m  [1m[34mSELECT  "categories".* FROM "categories" WHERE "categories"."id" = $1 LIMIT $2[0m  [["id", 2], ["LIMIT", 1]]
[active_model_serializers]   [1m[36mCompany Load (0.3ms)[0m  [1m[34mSELECT  "companies".* FROM "companies" WHERE "companies"."id" = $1 LIMIT $2[0m  [["id", 2], ["LIMIT", 1]]
[active_model_serializers]   [1m[36mUser Load (0.5ms)[0m  [1m[34mSELECT "users".* FROM "users" INNER JOIN "user_jobs" ON "users"."id" = "user_jobs"."user_id" WHERE "user_jobs"."job_id" = $1[0m  [["job_id", 3]]
[active_model_serializers]   [1m[36mNote Load (0.3ms)[0m  [1m[34mSELECT "notes".* FROM "notes" WHERE "notes"."job_id" = $1[0m  [["job_id", 3]]
[active_model_serializers]   [1m[36mBookmark Load (0.5ms)[0m  [1m[34mSELECT "bookmarks".* FROM "bookmarks" WHERE "bookmarks"."job_id" = $1[0m  [["job_id", 3]]
[active_model_serializers]   [1m[36mCompany Load (0.5ms)[0m  [1m[34mSELECT  "companies".* FROM "companies" WHERE "companies"."id" = $1 LIMIT $2[0m  [["id", 6], ["LIMIT", 1]]
[active_model_serializers]   [1m[36mUser Load (0.5ms)[0m  [1m[34mSELECT "users".* FROM "users" INNER JOIN "user_jobs" ON "users"."id" = "user_jobs"."user_id" WHERE "user_jobs"."job_id" = $1[0m  [["job_id", 7]]
[active_model_serializers]   [1m[36mNote Load (0.3ms)[0m  [1m[34mSELECT "notes".* FROM "notes" WHERE "notes"."job_id" = $1[0m  [["job_id", 7]]
[active_model_serializers]   [1m[36mBookmark Load (0.6ms)[0m  [1m[34mSELECT "bookmarks".* FROM "bookmarks" WHERE "bookmarks"."job_id" = $1[0m  [["job_id", 7]]
[active_model_serializers]   [1m[36mCompany Load (0.4ms)[0m  [1m[34mSELECT  "companies".* FROM "companies" WHERE "companies"."id" = $1 LIMIT $2[0m  [["id", 8], ["LIMIT", 1]]
[active_model_serializers]   [1m[36mUser Load (0.5ms)[0m  [1m[34mSELECT "users".* FROM "users" INNER JOIN "user_jobs" ON "users"."id" = "user_jobs"."user_id" WHERE "user_jobs"."job_id" = $1[0m  [["job_id", 9]]
[active_model_serializers]   [1m[36mNote Load (0.3ms)[0m  [1m[34mSELECT "notes".* FROM "notes" WHERE "notes"."job_id" = $1[0m  [["job_id", 9]]
[active_model_serializers]   [1m[36mBookmark Load (0.3ms)[0m  [1m[34mSELECT "bookmarks".* FROM "bookmarks" WHERE "bookmarks"."job_id" = $1[0m  [["job_id", 9]]
[active_model_serializers]   [1m[36mCategory Load (0.6ms)[0m  [1m[34mSELECT  "categories".* FROM "categories" WHERE "categories"."id" = $1 LIMIT $2[0m  [["id", 3], ["LIMIT", 1]]
[active_model_serializers]   [1m[36mCompany Load (0.5ms)[0m  [1m[34mSELECT  "companies".* FROM "companies" WHERE "companies"."id" = $1 LIMIT $2[0m  [["id", 3], ["LIMIT", 1]]
[active_model_serializers]   [1m[36mUser Load (0.5ms)[0m  [1m[34mSELECT "users".* FROM "users" INNER JOIN "user_jobs" ON "users"."id" = "user_jobs"."user_id" WHERE "user_jobs"."job_id" = $1[0m  [["job_id", 4]]
[active_model_serializers]   [1m[36mNote Load (0.3ms)[0m  [1m[34mSELECT "notes".* FROM "notes" WHERE "notes"."job_id" = $1[0m  [["job_id", 4]]
[active_model_serializers]   [1m[36mBookmark Load (0.5ms)[0m  [1m[34mSELECT "bookmarks".* FROM "bookmarks" WHERE "bookmarks"."job_id" = $1[0m  [["job_id", 4]]
[active_model_serializers]   [1m[36mCompany Load (0.2ms)[0m  [1m[34mSELECT  "companies".* FROM "companies" WHERE "companies"."id" = $1 LIMIT $2[0m  [["id", 9], ["LIMIT", 1]]
[active_model_serializers]   [1m[36mUser Load (0.5ms)[0m  [1m[34mSELECT "users".* FROM "users" INNER JOIN "user_jobs" ON "users"."id" = "user_jobs"."user_id" WHERE "user_jobs"."job_id" = $1[0m  [["job_id", 12]]
[active_model_serializers]   [1m[36mNote Load (0.4ms)[0m  [1m[34mSELECT "notes".* FROM "notes" WHERE "notes"."job_id" = $1[0m  [["job_id", 12]]
[active_model_serializers]   [1m[36mBookmark Load (0.3ms)[0m  [1m[34mSELECT "bookmarks".* FROM "bookmarks" WHERE "bookmarks"."job_id" = $1[0m  [["job_id", 12]]
[active_model_serializers]   [1m[36mCategory Load (0.4ms)[0m  [1m[34mSELECT  "categories".* FROM "categories" WHERE "categories"."id" = $1 LIMIT $2[0m  [["id", 1], ["LIMIT", 1]]
[active_model_serializers]   [1m[36mCompany Load (0.3ms)[0m  [1m[34mSELECT  "companies".* FROM "companies" WHERE "companies"."id" = $1 LIMIT $2[0m  [["id", 4], ["LIMIT", 1]]
[active_model_serializers]   [1m[36mUser Load (0.5ms)[0m  [1m[34mSELECT "users".* FROM "users" INNER JOIN "user_jobs" ON "users"."id" = "user_jobs"."user_id" WHERE "user_jobs"."job_id" = $1[0m  [["job_id", 5]]
[active_model_serializers]   [1m[36mNote Load (0.2ms)[0m  [1m[34mSELECT "notes".* FROM "notes" WHERE "notes"."job_id" = $1[0m  [["job_id", 5]]
[active_model_serializers]   [1m[36mBookmark Load (0.2ms)[0m  [1m[34mSELECT "bookmarks".* FROM "bookmarks" WHERE "bookmarks"."job_id" = $1[0m  [["job_id", 5]]
[active_model_serializers]   [1m[36mCACHE Category Load (0.0ms)[0m  [1m[34mSELECT  "categories".* FROM "categories" WHERE "categories"."id" = $1 LIMIT $2[0m  [["id", 1], ["LIMIT", 1]]
[active_model_serializers]   [1m[36mCompany Load (0.3ms)[0m  [1m[34mSELECT  "companies".* FROM "companies" WHERE "companies"."id" = $1 LIMIT $2[0m  [["id", 5], ["LIMIT", 1]]
[active_model_serializers]   [1m[36mUser Load (0.3ms)[0m  [1m[34mSELECT "users".* FROM "users" INNER JOIN "user_jobs" ON "users"."id" = "user_jobs"."user_id" WHERE "user_jobs"."job_id" = $1[0m  [["job_id", 11]]
[active_model_serializers]   [1m[36mNote Load (0.2ms)[0m  [1m[34mSELECT "notes".* FROM "notes" WHERE "notes"."job_id" = $1[0m  [["job_id", 11]]
[active_model_serializers]   [1m[36mBookmark Load (0.2ms)[0m  [1m[34mSELECT "bookmarks".* FROM "bookmarks" WHERE "bookmarks"."job_id" = $1[0m  [["job_id", 11]]
[active_model_serializers]   [1m[36mCACHE Category Load (0.0ms)[0m  [1m[34mSELECT  "categories".* FROM "categories" WHERE "categories"."id" = $1 LIMIT $2[0m  [["id", 1], ["LIMIT", 1]]
[active_model_serializers]   [1m[36mCompany Load (0.3ms)[0m  [1m[34mSELECT  "companies".* FROM "companies" WHERE "companies"."id" = $1 LIMIT $2[0m  [["id", 10], ["LIMIT", 1]]
[active_model_serializers]   [1m[36mUser Load (0.3ms)[0m  [1m[34mSELECT "users".* FROM "users" INNER JOIN "user_jobs" ON "users"."id" = "user_jobs"."user_id" WHERE "user_jobs"."job_id" = $1[0m  [["job_id", 13]]
[active_model_serializers]   [1m[36mNote Load (0.3ms)[0m  [1m[34mSELECT "notes".* FROM "notes" WHERE "notes"."job_id" = $1[0m  [["job_id", 13]]
[active_model_serializers]   [1m[36mBookmark Load (0.2ms)[0m  [1m[34mSELECT "bookmarks".* FROM "bookmarks" WHERE "bookmarks"."job_id" = $1[0m  [["job_id", 13]]
[active_model_serializers]   [1m[36mCACHE Company Load (0.0ms)[0m  [1m[34mSELECT  "companies".* FROM "companies" WHERE "companies"."id" = $1 LIMIT $2[0m  [["id", 1], ["LIMIT", 1]]
[active_model_serializers]   [1m[36mUser Load (0.3ms)[0m  [1m[34mSELECT "users".* FROM "users" INNER JOIN "user_jobs" ON "users"."id" = "user_jobs"."user_id" WHERE "user_jobs"."job_id" = $1[0m  [["job_id", 14]]
[active_model_serializers]   [1m[36mNote Load (0.2ms)[0m  [1m[34mSELECT "notes".* FROM "notes" WHERE "notes"."job_id" = $1[0m  [["job_id", 14]]
[active_model_serializers]   [1m[36mBookmark Load (0.2ms)[0m  [1m[34mSELECT "bookmarks".* FROM "bookmarks" WHERE "bookmarks"."job_id" = $1[0m  [["job_id", 14]]
[active_model_serializers]   [1m[36mCACHE Category Load (0.0ms)[0m  [1m[34mSELECT  "categories".* FROM "categories" WHERE "categories"."id" = $1 LIMIT $2[0m  [["id", 1], ["LIMIT", 1]]
[active_model_serializers]   [1m[36mUser Load (0.3ms)[0m  [1m[34mSELECT "users".* FROM "users" INNER JOIN "user_jobs" ON "users"."id" = "user_jobs"."user_id" WHERE "user_jobs"."job_id" = $1[0m  [["job_id", 15]]
[active_model_serializers]   [1m[36mNote Load (0.4ms)[0m  [1m[34mSELECT "notes".* FROM "notes" WHERE "notes"."job_id" = $1[0m  [["job_id", 15]]
[active_model_serializers]   [1m[36mBookmark Load (0.3ms)[0m  [1m[34mSELECT "bookmarks".* FROM "bookmarks" WHERE "bookmarks"."job_id" = $1[0m  [["job_id", 15]]
[active_model_serializers]   [1m[36mCACHE Category Load (0.0ms)[0m  [1m[34mSELECT  "categories".* FROM "categories" WHERE "categories"."id" = $1 LIMIT $2[0m  [["id", 1], ["LIMIT", 1]]
[active_model_serializers] Rendered ActiveModel::Serializer::CollectionSerializer with ActiveModelSerializers::Adapter::Attributes (116.51ms)
Completed 200 OK in 323ms (Views: 104.8ms | ActiveRecord: 36.7ms)


Started POST "/api/v1/users/1/jobs" for 127.0.0.1 at 2018-03-24 16:29:23 -0400
Processing by Api::V1::UsersController#add_jobs as */*
  Parameters: {"jobs"=>{"title"=>"Software Engineer", "date_published"=>"2018-02-13T03:36:49.217461Z", "contents"=>"<p><strong>The Opportunity:</strong></p>\n\n<p>Shutterstock is looking for top technologists to join our software engineering teams and help drive the future of our platform. You will be working with highly motivated and extremely talented engineers on backend services with quality, performance, and scale in mind at every step of the way. Our core belief is that the customers are our number one priority so we work hard to deliver value back to them with everything we do. We believe strongly in team ownership of systems, which includes defining the vision of the services to prioritization of projects.</p>\n\n<p> </p>\n\n<p><strong>Responsibilities:</strong></p>\n\n<ul>\n<li>Contributing to all aspects of the services under the team’s ownership, which includes design, implementation, refactoring, automated testing, deployment, and uptime of the services.</li>\n<li>Helping other team members grow as engineers through code review, pairing, and mentoring.</li>\n<li>Improving internal team processes by keeping what's working, throwing away what's not.</li>\n<li>Collaborating on the vision of the services under the team's ownership.</li>\n<li>Building the technology the right way: for us, this means simple, well-tested systems that gradually grow over time, and that provide plenty of insight into production performance.</li>\n<li>Engineers are expected to support systems they develop in production which involves on-call. The actual periods and frequency vary by team.</li>\n</ul>\n\n<p><strong>Requirements:</strong></p>\n\n<ul>\n<li>At least 10+ years of relevant software development experience</li>\n<li>Back-end software development experience</li>\n<li>Very strong knowledge of how the Web works and how to make it efficient (HTTP, caching, page rendering, etc)</li>\n<li>Experience building and designing highly scalable services, and RESTful API’s that power multiple consumers.</li>\n<li>Experience with SOA architecture working on distributed/high trafficked systems.</li>\n<li>Familiarity with at least on RDBMS</li>\n<li>Ability to craft simple and elegant solutions to complex problems.</li>\n<li>Solid software development fundamentals (Data Structures, algorithms, problem-solving, OO Design, and system architecture).</li>\n<li>Passionate about what you do and care deeply about the things you build.</li>\n<li>Able to clearly communicate to technical and non-technical audiences.</li>\n<li>Experience programming in at least one OO language</li>\n<li>Has a good understanding of continuous delivery, writing unit tests, and automated testing.</li>\n<li>BS or MS degree in Computer Science or related experience</li>\n</ul>\n\n<p><strong>Bonus Skills:</strong></p>\n\n<ul>\n<li>Node.js web development experience</li>\n<li>Ruby development experience</li>\n<li>Experience with automated configuration tools like Puppet, Chef or Ansible</li>\n<li>Experience building event-driven or message-driven architecture using tools like RabbitMQ and Kafka.</li>\n<li>Experience working in an agile environment</li>\n</ul>\n\n<p> </p>\n\n<p><strong>About Shutterstock:</strong></p>\n\n<p><span>Shutterstock, Inc. (NYSE: <a href=\"http://studio-5.financialcontent.com/prnews?Page=Quote&amp;Ticker=SSTK\"><span>SSTK</span></a>), is a leading global provider of <a href=\"http://www.shutterstock.com/index-in.mhtml\"><span>high-quality licensed photographs</span></a>, <a href=\"http://www.shutterstock.com/vectors\"><span>vectors</span></a>, <a href=\"http://www.shutterstock.com/cat-23-Illustrations-Clip-Art.html\"><span>illustrations</span></a>, <a href=\"http://www.shutterstock.com/video/\"><span>videos</span></a> and <a href=\"http://www.shutterstock.com/music/\"><span>music </span></a>to businesses, marketing agencies and media organizations around the world. Working with its growing community of over 190,000 contributors, Shutterstock adds hundreds of thousands of images each week, and currently has more than 125 million images and more than 6 million video clips available.</span></p>\n\n<p> <span>Headquartered in New York City, with offices in Amsterdam, Berlin, Chicago, Dallas, Denver, London, Los Angeles, Montreal, Paris, San Francisco and Silicon Valley, Shutterstock has customers in more than 150 countries. The company also owns <a href=\"http://www.bigstockphoto.com/\"><span>Bigstock</span></a>, a value-oriented stock media agency; Offset, a <a href=\"http://offset.com/\"><span>high-end image collection</span></a>; PremiumBeat a curated <a href=\"http://www.premiumbeat.com/\"><span>royalty-free music</span></a> library; Rex Features, a premier source of <a href=\"http://www.rexfeatures.com/\"><span>editorial images</span></a> for the world's media; and Webdam, a cloud-based <a href=\"http://www.webdam.com/\"><span>digital asset management service</span></a> for businesses.</span></p>\n\n<p><span>For more information, please visit <a href=\"http://www.shutterstock.com/\"><span>www.shutterstock.com</span></a> and follow Shutterstock on <a href=\"http://twitter.com/shutterstock\"><span>Twitter </span></a>and on <a href=\"http://facebook.com/shutterstock\"><span>Facebook</span></a>.</span></p>\n\n<p>Equal Opportunity Employer, M/F/D/V</p>", "museId"=>1041462, "location"=>"Dublin, Ireland", "level"=>"Senior Level", "date_saved"=>1521923363488, "applied_status"=>false, "company_museId"=>1147, "overall_active_status"=>true}, "id"=>"1", "user"=>{}}
  [1m[36mUser Load (0.5ms)[0m  [1m[34mSELECT  "users".* FROM "users" WHERE "users"."id" = $1 LIMIT $2[0m  [["id", 1], ["LIMIT", 1]]
  [1m[36mCompany Load (0.8ms)[0m  [1m[34mSELECT  "companies".* FROM "companies" WHERE "companies"."museId" = $1 LIMIT $2[0m  [["museId", 1147], ["LIMIT", 1]]
  [1m[35m (0.2ms)[0m  [1m[35mBEGIN[0m
  [1m[35mSQL (0.6ms)[0m  [1m[32mINSERT INTO "companies" ("museId", "created_at", "updated_at") VALUES ($1, $2, $3) RETURNING "id"[0m  [["museId", 1147], ["created_at", "2018-03-24 20:29:23.496524"], ["updated_at", "2018-03-24 20:29:23.496524"]]
  [1m[35m (1.2ms)[0m  [1m[35mCOMMIT[0m
  [1m[36mIndustry Load (1.2ms)[0m  [1m[34mSELECT  "industries".* FROM "industries" WHERE "industries"."name" = $1 LIMIT $2[0m  [["name", "Arts and Music"], ["LIMIT", 1]]
  [1m[35m (0.2ms)[0m  [1m[35mBEGIN[0m
  [1m[35mSQL (0.5ms)[0m  [1m[32mINSERT INTO "industries" ("name", "created_at", "updated_at") VALUES ($1, $2, $3) RETURNING "id"[0m  [["name", "Arts and Music"], ["created_at", "2018-03-24 20:29:23.642695"], ["updated_at", "2018-03-24 20:29:23.642695"]]
  [1m[35m (0.4ms)[0m  [1m[35mCOMMIT[0m
  [1m[35m (0.1ms)[0m  [1m[35mBEGIN[0m
  [1m[35mSQL (0.6ms)[0m  [1m[33mUPDATE "companies" SET "name" = $1, "size" = $2, "location" = $3, "description" = $4, "image_link" = $5, "image_link2" = $6, "image_mini" = $7, "company_logo" = $8, "industry_name" = $9, "industry_id" = $10, "updated_at" = $11 WHERE "companies"."id" = $12[0m  [["name", "Shutterstock"], ["size", "Large Size"], ["location", "New York City, NY"], ["description", "Shutterstock is an online library of 100 million royalty-free photos, illustrations, videos and music—all purchasable for creative use."], ["image_link", "https://assets.themuse.com/uploaded/companies/1147/modules/4597/asset1.jpg?v=d6a31c3828ad2d28fe846e61a95983438b5c4adab1d5a5811fa024bd02739d68"], ["image_link2", "https://assets.themuse.com/uploaded/companies/1147/modules/4597/asset2.jpg?v=ccef18d3715c9fb26979765552f0d2b6167ac39ec8768a3b813e1a0d946d570f"], ["image_mini", "https://pilbox.themuse.com/image.jpg?url=https%3A%2F%2Fassets.themuse.com%2Fuploaded%2Fcompanies%2F1147%2Fmodules%2F4597%2Fasset1.jpg%3Fv%3Dd6a31c3828ad2d28fe846e61a95983438b5c4adab1d5a5811fa024bd02739d68&h=135&w=183"], ["company_logo", "https://assets.themuse.com/uploaded/companies/1147/small_logo.png?v=9cfbf5459e8298ad3844d0a9db881747780e9ab472040ebde47fe885560dba32"], ["industry_name", "Arts and Music"], ["industry_id", 6], ["updated_at", "2018-03-24 20:29:23.645414"], ["id", 12]]
  [1m[35m (0.4ms)[0m  [1m[35mCOMMIT[0m
  [1m[35m (0.1ms)[0m  [1m[35mBEGIN[0m
  [1m[36mCompany Load (0.4ms)[0m  [1m[34mSELECT  "companies".* FROM "companies" WHERE "companies"."id" = $1 LIMIT $2[0m  [["id", 12], ["LIMIT", 1]]
  [1m[35mSQL (1.5ms)[0m  [1m[32mINSERT INTO "jobs" ("title", "date_published", "contents", "museId", "location", "level", "date_saved", "overall_active_status", "applied_status", "company_name", "company_industry", "company_museId", "company_id", "created_at", "updated_at") VALUES ($1, $2, $3, $4, $5, $6, $7, $8, $9, $10, $11, $12, $13, $14, $15) RETURNING "id"[0m  [["title", "Software Engineer"], ["date_published", "2018-02-13T03:36:49.217461Z"], ["contents", "<p><strong>The Opportunity:</strong></p>\n\n<p>Shutterstock is looking for top technologists to join our software engineering teams and help drive the future of our platform. You will be working with highly motivated and extremely talented engineers on backend services with quality, performance, and scale in mind at every step of the way. Our core belief is that the customers are our number one priority so we work hard to deliver value back to them with everything we do. We believe strongly in team ownership of systems, which includes defining the vision of the services to prioritization of projects.</p>\n\n<p> </p>\n\n<p><strong>Responsibilities:</strong></p>\n\n<ul>\n<li>Contributing to all aspects of the services under the team’s ownership, which includes design, implementation, refactoring, automated testing, deployment, and uptime of the services.</li>\n<li>Helping other team members grow as engineers through code review, pairing, and mentoring.</li>\n<li>Improving internal team processes by keeping what's working, throwing away what's not.</li>\n<li>Collaborating on the vision of the services under the team's ownership.</li>\n<li>Building the technology the right way: for us, this means simple, well-tested systems that gradually grow over time, and that provide plenty of insight into production performance.</li>\n<li>Engineers are expected to support systems they develop in production which involves on-call. The actual periods and frequency vary by team.</li>\n</ul>\n\n<p><strong>Requirements:</strong></p>\n\n<ul>\n<li>At least 10+ years of relevant software development experience</li>\n<li>Back-end software development experience</li>\n<li>Very strong knowledge of how the Web works and how to make it efficient (HTTP, caching, page rendering, etc)</li>\n<li>Experience building and designing highly scalable services, and RESTful API’s that power multiple consumers.</li>\n<li>Experience with SOA architecture working on distributed/high trafficked systems.</li>\n<li>Familiarity with at least on RDBMS</li>\n<li>Ability to craft simple and elegant solutions to complex problems.</li>\n<li>Solid software development fundamentals (Data Structures, algorithms, problem-solving, OO Design, and system architecture).</li>\n<li>Passionate about what you do and care deeply about the things you build.</li>\n<li>Able to clearly communicate to technical and non-technical audiences.</li>\n<li>Experience programming in at least one OO language</li>\n<li>Has a good understanding of continuous delivery, writing unit tests, and automated testing.</li>\n<li>BS or MS degree in Computer Science or related experience</li>\n</ul>\n\n<p><strong>Bonus Skills:</strong></p>\n\n<ul>\n<li>Node.js web development experience</li>\n<li>Ruby development experience</li>\n<li>Experience with automated configuration tools like Puppet, Chef or Ansible</li>\n<li>Experience building event-driven or message-driven architecture using tools like RabbitMQ and Kafka.</li>\n<li>Experience working in an agile environment</li>\n</ul>\n\n<p> </p>\n\n<p><strong>About Shutterstock:</strong></p>\n\n<p><span>Shutterstock, Inc. (NYSE: <a href=\"http://studio-5.financialcontent.com/prnews?Page=Quote&amp;Ticker=SSTK\"><span>SSTK</span></a>), is a leading global provider of <a href=\"http://www.shutterstock.com/index-in.mhtml\"><span>high-quality licensed photographs</span></a>, <a href=\"http://www.shutterstock.com/vectors\"><span>vectors</span></a>, <a href=\"http://www.shutterstock.com/cat-23-Illustrations-Clip-Art.html\"><span>illustrations</span></a>, <a href=\"http://www.shutterstock.com/video/\"><span>videos</span></a> and <a href=\"http://www.shutterstock.com/music/\"><span>music </span></a>to businesses, marketing agencies and media organizations around the world. Working with its growing community of over 190,000 contributors, Shutterstock adds hundreds of thousands of images each week, and currently has more than 125 million images and more than 6 million video clips available.</span></p>\n\n<p> <span>Headquartered in New York City, with offices in Amsterdam, Berlin, Chicago, Dallas, Denver, London, Los Angeles, Montreal, Paris, San Francisco and Silicon Valley, Shutterstock has customers in more than 150 countries. The company also owns <a href=\"http://www.bigstockphoto.com/\"><span>Bigstock</span></a>, a value-oriented stock media agency; Offset, a <a href=\"http://offset.com/\"><span>high-end image collection</span></a>; PremiumBeat a curated <a href=\"http://www.premiumbeat.com/\"><span>royalty-free music</span></a> library; Rex Features, a premier source of <a href=\"http://www.rexfeatures.com/\"><span>editorial images</span></a> for the world's media; and Webdam, a cloud-based <a href=\"http://www.webdam.com/\"><span>digital asset management service</span></a> for businesses.</span></p>\n\n<p><span>For more information, please visit <a href=\"http://www.shutterstock.com/\"><span>www.shutterstock.com</span></a> and follow Shutterstock on <a href=\"http://twitter.com/shutterstock\"><span>Twitter </span></a>and on <a href=\"http://facebook.com/shutterstock\"><span>Facebook</span></a>.</span></p>\n\n<p>Equal Opportunity Employer, M/F/D/V</p>"], ["museId", 1041462], ["location", "Dublin, Ireland"], ["level", "Senior Level"], ["date_saved", "2018-03-24 20:29:23.648015"], ["overall_active_status", "t"], ["applied_status", "f"], ["company_name", "Shutterstock"], ["company_industry", "Arts and Music"], ["company_museId", 1147], ["company_id", 12], ["created_at", "2018-03-24 20:29:23.650696"], ["updated_at", "2018-03-24 20:29:23.650696"]]
  [1m[35m (0.4ms)[0m  [1m[35mCOMMIT[0m
  [1m[35m (0.1ms)[0m  [1m[35mBEGIN[0m
  [1m[35mSQL (0.7ms)[0m  [1m[32mINSERT INTO "user_jobs" ("user_id", "job_id", "created_at", "updated_at") VALUES ($1, $2, $3, $4) RETURNING "id"[0m  [["user_id", 1], ["job_id", 16], ["created_at", "2018-03-24 20:29:23.656921"], ["updated_at", "2018-03-24 20:29:23.656921"]]
  [1m[35m (0.4ms)[0m  [1m[35mCOMMIT[0m
  [1m[36mUser Load (0.4ms)[0m  [1m[34mSELECT  "users".* FROM "users" WHERE "users"."id" IS NULL LIMIT $1[0m  [["LIMIT", 1]]
  [1m[36mJob Load (1.5ms)[0m  [1m[34mSELECT "jobs".* FROM "jobs" INNER JOIN "user_jobs" ON "jobs"."id" = "user_jobs"."job_id" WHERE "user_jobs"."user_id" = $1[0m  [["user_id", 1]]
[active_model_serializers]   [1m[36mCompany Load (0.5ms)[0m  [1m[34mSELECT  "companies".* FROM "companies" WHERE "companies"."id" = $1 LIMIT $2[0m  [["id", 1], ["LIMIT", 1]]
[active_model_serializers]   [1m[36mUser Load (0.4ms)[0m  [1m[34mSELECT "users".* FROM "users" INNER JOIN "user_jobs" ON "users"."id" = "user_jobs"."user_id" WHERE "user_jobs"."job_id" = $1[0m  [["job_id", 2]]
[active_model_serializers]   [1m[36mNote Load (0.5ms)[0m  [1m[34mSELECT "notes".* FROM "notes" WHERE "notes"."job_id" = $1[0m  [["job_id", 2]]
[active_model_serializers]   [1m[36mBookmark Load (0.5ms)[0m  [1m[34mSELECT "bookmarks".* FROM "bookmarks" WHERE "bookmarks"."job_id" = $1[0m  [["job_id", 2]]
[active_model_serializers]   [1m[36mCategory Load (0.4ms)[0m  [1m[34mSELECT  "categories".* FROM "categories" WHERE "categories"."id" = $1 LIMIT $2[0m  [["id", 2], ["LIMIT", 1]]
[active_model_serializers]   [1m[36mCompany Load (0.5ms)[0m  [1m[34mSELECT  "companies".* FROM "companies" WHERE "companies"."id" = $1 LIMIT $2[0m  [["id", 2], ["LIMIT", 1]]
[active_model_serializers]   [1m[36mUser Load (0.5ms)[0m  [1m[34mSELECT "users".* FROM "users" INNER JOIN "user_jobs" ON "users"."id" = "user_jobs"."user_id" WHERE "user_jobs"."job_id" = $1[0m  [["job_id", 3]]
[active_model_serializers]   [1m[36mNote Load (0.5ms)[0m  [1m[34mSELECT "notes".* FROM "notes" WHERE "notes"."job_id" = $1[0m  [["job_id", 3]]
[active_model_serializers]   [1m[36mBookmark Load (0.3ms)[0m  [1m[34mSELECT "bookmarks".* FROM "bookmarks" WHERE "bookmarks"."job_id" = $1[0m  [["job_id", 3]]
[active_model_serializers]   [1m[36mCompany Load (0.4ms)[0m  [1m[34mSELECT  "companies".* FROM "companies" WHERE "companies"."id" = $1 LIMIT $2[0m  [["id", 6], ["LIMIT", 1]]
[active_model_serializers]   [1m[36mUser Load (0.5ms)[0m  [1m[34mSELECT "users".* FROM "users" INNER JOIN "user_jobs" ON "users"."id" = "user_jobs"."user_id" WHERE "user_jobs"."job_id" = $1[0m  [["job_id", 7]]
[active_model_serializers]   [1m[36mNote Load (0.5ms)[0m  [1m[34mSELECT "notes".* FROM "notes" WHERE "notes"."job_id" = $1[0m  [["job_id", 7]]
[active_model_serializers]   [1m[36mBookmark Load (0.3ms)[0m  [1m[34mSELECT "bookmarks".* FROM "bookmarks" WHERE "bookmarks"."job_id" = $1[0m  [["job_id", 7]]
[active_model_serializers]   [1m[36mCompany Load (0.5ms)[0m  [1m[34mSELECT  "companies".* FROM "companies" WHERE "companies"."id" = $1 LIMIT $2[0m  [["id", 8], ["LIMIT", 1]]
[active_model_serializers]   [1m[36mUser Load (0.5ms)[0m  [1m[34mSELECT "users".* FROM "users" INNER JOIN "user_jobs" ON "users"."id" = "user_jobs"."user_id" WHERE "user_jobs"."job_id" = $1[0m  [["job_id", 9]]
[active_model_serializers]   [1m[36mNote Load (0.4ms)[0m  [1m[34mSELECT "notes".* FROM "notes" WHERE "notes"."job_id" = $1[0m  [["job_id", 9]]
[active_model_serializers]   [1m[36mBookmark Load (0.3ms)[0m  [1m[34mSELECT "bookmarks".* FROM "bookmarks" WHERE "bookmarks"."job_id" = $1[0m  [["job_id", 9]]
[active_model_serializers]   [1m[36mCategory Load (0.3ms)[0m  [1m[34mSELECT  "categories".* FROM "categories" WHERE "categories"."id" = $1 LIMIT $2[0m  [["id", 3], ["LIMIT", 1]]
[active_model_serializers]   [1m[36mCompany Load (0.4ms)[0m  [1m[34mSELECT  "companies".* FROM "companies" WHERE "companies"."id" = $1 LIMIT $2[0m  [["id", 3], ["LIMIT", 1]]
[active_model_serializers]   [1m[36mUser Load (0.6ms)[0m  [1m[34mSELECT "users".* FROM "users" INNER JOIN "user_jobs" ON "users"."id" = "user_jobs"."user_id" WHERE "user_jobs"."job_id" = $1[0m  [["job_id", 4]]
[active_model_serializers]   [1m[36mNote Load (0.3ms)[0m  [1m[34mSELECT "notes".* FROM "notes" WHERE "notes"."job_id" = $1[0m  [["job_id", 4]]
[active_model_serializers]   [1m[36mBookmark Load (0.3ms)[0m  [1m[34mSELECT "bookmarks".* FROM "bookmarks" WHERE "bookmarks"."job_id" = $1[0m  [["job_id", 4]]
[active_model_serializers]   [1m[36mCompany Load (0.2ms)[0m  [1m[34mSELECT  "companies".* FROM "companies" WHERE "companies"."id" = $1 LIMIT $2[0m  [["id", 9], ["LIMIT", 1]]
[active_model_serializers]   [1m[36mUser Load (0.5ms)[0m  [1m[34mSELECT "users".* FROM "users" INNER JOIN "user_jobs" ON "users"."id" = "user_jobs"."user_id" WHERE "user_jobs"."job_id" = $1[0m  [["job_id", 12]]
[active_model_serializers]   [1m[36mNote Load (0.4ms)[0m  [1m[34mSELECT "notes".* FROM "notes" WHERE "notes"."job_id" = $1[0m  [["job_id", 12]]
[active_model_serializers]   [1m[36mBookmark Load (0.3ms)[0m  [1m[34mSELECT "bookmarks".* FROM "bookmarks" WHERE "bookmarks"."job_id" = $1[0m  [["job_id", 12]]
[active_model_serializers]   [1m[36mCategory Load (0.3ms)[0m  [1m[34mSELECT  "categories".* FROM "categories" WHERE "categories"."id" = $1 LIMIT $2[0m  [["id", 1], ["LIMIT", 1]]
[active_model_serializers]   [1m[36mCompany Load (0.3ms)[0m  [1m[34mSELECT  "companies".* FROM "companies" WHERE "companies"."id" = $1 LIMIT $2[0m  [["id", 4], ["LIMIT", 1]]
[active_model_serializers]   [1m[36mUser Load (0.3ms)[0m  [1m[34mSELECT "users".* FROM "users" INNER JOIN "user_jobs" ON "users"."id" = "user_jobs"."user_id" WHERE "user_jobs"."job_id" = $1[0m  [["job_id", 5]]
[active_model_serializers]   [1m[36mNote Load (0.4ms)[0m  [1m[34mSELECT "notes".* FROM "notes" WHERE "notes"."job_id" = $1[0m  [["job_id", 5]]
[active_model_serializers]   [1m[36mBookmark Load (0.2ms)[0m  [1m[34mSELECT "bookmarks".* FROM "bookmarks" WHERE "bookmarks"."job_id" = $1[0m  [["job_id", 5]]
[active_model_serializers]   [1m[36mCACHE Category Load (0.0ms)[0m  [1m[34mSELECT  "categories".* FROM "categories" WHERE "categories"."id" = $1 LIMIT $2[0m  [["id", 1], ["LIMIT", 1]]
[active_model_serializers]   [1m[36mCompany Load (0.2ms)[0m  [1m[34mSELECT  "companies".* FROM "companies" WHERE "companies"."id" = $1 LIMIT $2[0m  [["id", 5], ["LIMIT", 1]]
[active_model_serializers]   [1m[36mUser Load (0.3ms)[0m  [1m[34mSELECT "users".* FROM "users" INNER JOIN "user_jobs" ON "users"."id" = "user_jobs"."user_id" WHERE "user_jobs"."job_id" = $1[0m  [["job_id", 11]]
[active_model_serializers]   [1m[36mNote Load (0.2ms)[0m  [1m[34mSELECT "notes".* FROM "notes" WHERE "notes"."job_id" = $1[0m  [["job_id", 11]]
[active_model_serializers]   [1m[36mBookmark Load (0.2ms)[0m  [1m[34mSELECT "bookmarks".* FROM "bookmarks" WHERE "bookmarks"."job_id" = $1[0m  [["job_id", 11]]
[active_model_serializers]   [1m[36mCACHE Category Load (0.0ms)[0m  [1m[34mSELECT  "categories".* FROM "categories" WHERE "categories"."id" = $1 LIMIT $2[0m  [["id", 1], ["LIMIT", 1]]
[active_model_serializers]   [1m[36mCompany Load (0.2ms)[0m  [1m[34mSELECT  "companies".* FROM "companies" WHERE "companies"."id" = $1 LIMIT $2[0m  [["id", 10], ["LIMIT", 1]]
[active_model_serializers]   [1m[36mUser Load (0.3ms)[0m  [1m[34mSELECT "users".* FROM "users" INNER JOIN "user_jobs" ON "users"."id" = "user_jobs"."user_id" WHERE "user_jobs"."job_id" = $1[0m  [["job_id", 13]]
[active_model_serializers]   [1m[36mNote Load (0.2ms)[0m  [1m[34mSELECT "notes".* FROM "notes" WHERE "notes"."job_id" = $1[0m  [["job_id", 13]]
[active_model_serializers]   [1m[36mBookmark Load (0.3ms)[0m  [1m[34mSELECT "bookmarks".* FROM "bookmarks" WHERE "bookmarks"."job_id" = $1[0m  [["job_id", 13]]
[active_model_serializers]   [1m[36mCACHE Company Load (0.0ms)[0m  [1m[34mSELECT  "companies".* FROM "companies" WHERE "companies"."id" = $1 LIMIT $2[0m  [["id", 1], ["LIMIT", 1]]
[active_model_serializers]   [1m[36mUser Load (0.4ms)[0m  [1m[34mSELECT "users".* FROM "users" INNER JOIN "user_jobs" ON "users"."id" = "user_jobs"."user_id" WHERE "user_jobs"."job_id" = $1[0m  [["job_id", 14]]
[active_model_serializers]   [1m[36mNote Load (0.2ms)[0m  [1m[34mSELECT "notes".* FROM "notes" WHERE "notes"."job_id" = $1[0m  [["job_id", 14]]
[active_model_serializers]   [1m[36mBookmark Load (0.3ms)[0m  [1m[34mSELECT "bookmarks".* FROM "bookmarks" WHERE "bookmarks"."job_id" = $1[0m  [["job_id", 14]]
[active_model_serializers]   [1m[36mCACHE Category Load (0.0ms)[0m  [1m[34mSELECT  "categories".* FROM "categories" WHERE "categories"."id" = $1 LIMIT $2[0m  [["id", 1], ["LIMIT", 1]]
[active_model_serializers]   [1m[36mCompany Load (0.3ms)[0m  [1m[34mSELECT  "companies".* FROM "companies" WHERE "companies"."id" = $1 LIMIT $2[0m  [["id", 11], ["LIMIT", 1]]
[active_model_serializers]   [1m[36mUser Load (0.3ms)[0m  [1m[34mSELECT "users".* FROM "users" INNER JOIN "user_jobs" ON "users"."id" = "user_jobs"."user_id" WHERE "user_jobs"."job_id" = $1[0m  [["job_id", 15]]
[active_model_serializers]   [1m[36mNote Load (0.2ms)[0m  [1m[34mSELECT "notes".* FROM "notes" WHERE "notes"."job_id" = $1[0m  [["job_id", 15]]
[active_model_serializers]   [1m[36mBookmark Load (0.3ms)[0m  [1m[34mSELECT "bookmarks".* FROM "bookmarks" WHERE "bookmarks"."job_id" = $1[0m  [["job_id", 15]]
[active_model_serializers]   [1m[36mCACHE Category Load (0.0ms)[0m  [1m[34mSELECT  "categories".* FROM "categories" WHERE "categories"."id" = $1 LIMIT $2[0m  [["id", 1], ["LIMIT", 1]]
[active_model_serializers]   [1m[36mUser Load (0.3ms)[0m  [1m[34mSELECT "users".* FROM "users" INNER JOIN "user_jobs" ON "users"."id" = "user_jobs"."user_id" WHERE "user_jobs"."job_id" = $1[0m  [["job_id", 16]]
[active_model_serializers]   [1m[36mNote Load (0.2ms)[0m  [1m[34mSELECT "notes".* FROM "notes" WHERE "notes"."job_id" = $1[0m  [["job_id", 16]]
[active_model_serializers]   [1m[36mBookmark Load (0.3ms)[0m  [1m[34mSELECT "bookmarks".* FROM "bookmarks" WHERE "bookmarks"."job_id" = $1[0m  [["job_id", 16]]
[active_model_serializers] Rendered ActiveModel::Serializer::CollectionSerializer with ActiveModelSerializers::Adapter::Attributes (117.71ms)
Completed 200 OK in 291ms (Views: 104.7ms | ActiveRecord: 29.7ms)


Started GET "/api/v1/users/1/jobs/3" for 127.0.0.1 at 2018-03-24 16:29:44 -0400
Processing by Api::V1::UsersController#user_job as */*
  Parameters: {"id"=>"1", "job_id"=>"3"}
  [1m[36mUser Load (0.3ms)[0m  [1m[34mSELECT  "users".* FROM "users" WHERE "users"."id" = $1 LIMIT $2[0m  [["id", 1], ["LIMIT", 1]]
  [1m[36mJob Load (0.5ms)[0m  [1m[34mSELECT  "jobs".* FROM "jobs" WHERE "jobs"."id" = $1 LIMIT $2[0m  [["id", 3], ["LIMIT", 1]]
  [1m[36mJob Load (0.9ms)[0m  [1m[34mSELECT  "jobs".* FROM "jobs" INNER JOIN "user_jobs" ON "jobs"."id" = "user_jobs"."job_id" WHERE "user_jobs"."user_id" = $1 AND "jobs"."id" = $2 LIMIT $3[0m  [["user_id", 1], ["id", 3], ["LIMIT", 1]]
  [1m[36mUser Load (0.4ms)[0m  [1m[34mSELECT  "users".* FROM "users" WHERE "users"."id" IS NULL LIMIT $1[0m  [["LIMIT", 1]]
[active_model_serializers]   [1m[36mCompany Load (0.4ms)[0m  [1m[34mSELECT  "companies".* FROM "companies" WHERE "companies"."id" = $1 LIMIT $2[0m  [["id", 2], ["LIMIT", 1]]
[active_model_serializers]   [1m[36mUser Load (0.3ms)[0m  [1m[34mSELECT "users".* FROM "users" INNER JOIN "user_jobs" ON "users"."id" = "user_jobs"."user_id" WHERE "user_jobs"."job_id" = $1[0m  [["job_id", 3]]
[active_model_serializers]   [1m[36mNote Load (0.4ms)[0m  [1m[34mSELECT "notes".* FROM "notes" WHERE "notes"."job_id" = $1[0m  [["job_id", 3]]
[active_model_serializers]   [1m[36mBookmark Load (0.2ms)[0m  [1m[34mSELECT "bookmarks".* FROM "bookmarks" WHERE "bookmarks"."job_id" = $1[0m  [["job_id", 3]]
[active_model_serializers] Rendered JobSerializer with ActiveModelSerializers::Adapter::Attributes (11.55ms)
Completed 200 OK in 20ms (Views: 11.7ms | ActiveRecord: 3.4ms)


Started POST "/api/v1/notes" for 127.0.0.1 at 2018-03-24 16:30:21 -0400
Processing by Api::V1::NotesController#create as */*
  Parameters: {"title"=>"Job Description", "content"=>"some notes", "user_id"=>1, "company_id"=>2, "job_id"=>3, "note"=>{"title"=>"Job Description", "content"=>"some notes", "user_id"=>1, "company_id"=>2, "job_id"=>3}}
  [1m[35m (0.2ms)[0m  [1m[35mBEGIN[0m
  [1m[36mUser Load (0.3ms)[0m  [1m[34mSELECT  "users".* FROM "users" WHERE "users"."id" = $1 LIMIT $2[0m  [["id", 1], ["LIMIT", 1]]
  [1m[36mCompany Load (0.2ms)[0m  [1m[34mSELECT  "companies".* FROM "companies" WHERE "companies"."id" = $1 LIMIT $2[0m  [["id", 2], ["LIMIT", 1]]
  [1m[35mSQL (15.2ms)[0m  [1m[32mINSERT INTO "notes" ("title", "content", "user_id", "company_id", "job_id", "created_at", "updated_at") VALUES ($1, $2, $3, $4, $5, $6, $7) RETURNING "id"[0m  [["title", "Job Description"], ["content", "some notes"], ["user_id", 1], ["company_id", 2], ["job_id", 3], ["created_at", "2018-03-24 20:30:21.902650"], ["updated_at", "2018-03-24 20:30:21.902650"]]
  [1m[35m (0.6ms)[0m  [1m[35mCOMMIT[0m
  [1m[36mUser Load (0.6ms)[0m  [1m[34mSELECT  "users".* FROM "users" WHERE "users"."id" = $1 LIMIT $2[0m  [["id", 1], ["LIMIT", 1]]
  [1m[36mUser Load (0.6ms)[0m  [1m[34mSELECT  "users".* FROM "users" WHERE "users"."id" IS NULL LIMIT $1[0m  [["LIMIT", 1]]
[active_model_serializers]   [1m[36mJob Load (0.6ms)[0m  [1m[34mSELECT  "jobs".* FROM "jobs" WHERE "jobs"."id" = $1 LIMIT $2[0m  [["id", 3], ["LIMIT", 1]]
[active_model_serializers] Rendered NoteSerializer with ActiveModelSerializers::Adapter::Attributes (6.5ms)
Completed 200 OK in 35ms (Views: 8.2ms | ActiveRecord: 18.3ms)


Started PATCH "/api/v1/users/1/jobs/3" for 127.0.0.1 at 2018-03-24 16:30:24 -0400
Processing by Api::V1::UsersController#update_job as */*
  Parameters: {"overall_active_status"=>true, "applied_status"=>true, "date_applied"=>"3/17/2018", "application_response_status"=>"interview invite", "interview_invite"=>nil, "interview_1_date"=>"4/1/2018", "interview_1_type"=>"in person", "interview_1_technical"=>nil, "interview_1_response"=>"next interview round", "interview_2_date"=>nil, "interview_2_type"=>nil, "interview_2_technical"=>nil, "interview_2_response"=>nil, "interview_3_date"=>nil, "interview_3_type"=>nil, "interview_3_technical"=>nil, "interview_3_response"=>nil, "offer_status"=>nil, "id"=>"1", "job_id"=>"3", "user"=>{}}
  [1m[36mUser Load (0.5ms)[0m  [1m[34mSELECT  "users".* FROM "users" WHERE "users"."id" = $1 LIMIT $2[0m  [["id", 1], ["LIMIT", 1]]
  [1m[36mJob Load (4.0ms)[0m  [1m[34mSELECT  "jobs".* FROM "jobs" INNER JOIN "user_jobs" ON "jobs"."id" = "user_jobs"."job_id" WHERE "user_jobs"."user_id" = $1 AND "jobs"."id" = $2 LIMIT $3[0m  [["user_id", 1], ["id", 3], ["LIMIT", 1]]
  [1m[36mCACHE Job Load (0.0ms)[0m  [1m[34mSELECT  "jobs".* FROM "jobs" INNER JOIN "user_jobs" ON "jobs"."id" = "user_jobs"."job_id" WHERE "user_jobs"."user_id" = $1 AND "jobs"."id" = $2 LIMIT $3[0m  [["user_id", 1], ["id", 3], ["LIMIT", 1]]
  [1m[35m (0.2ms)[0m  [1m[35mBEGIN[0m
  [1m[36mCompany Load (0.4ms)[0m  [1m[34mSELECT  "companies".* FROM "companies" WHERE "companies"."id" = $1 LIMIT $2[0m  [["id", 2], ["LIMIT", 1]]
  [1m[35mSQL (5.5ms)[0m  [1m[33mUPDATE "jobs" SET "application_response_status" = $1, "interview_1_date" = $2, "interview_1_type" = $3, "interview_1_response" = $4, "updated_at" = $5 WHERE "jobs"."id" = $6[0m  [["application_response_status", "interview invite"], ["interview_1_date", "4/1/2018"], ["interview_1_type", "in person"], ["interview_1_response", "next interview round"], ["updated_at", "2018-03-24 20:30:24.353603"], ["id", 3]]
  [1m[35m (0.7ms)[0m  [1m[35mCOMMIT[0m
  [1m[36mUser Load (0.5ms)[0m  [1m[34mSELECT  "users".* FROM "users" WHERE "users"."id" IS NULL LIMIT $1[0m  [["LIMIT", 1]]
[active_model_serializers] Rendered ActiveModel::Serializer::Null with Hash (0.09ms)
Completed 200 OK in 28ms (Views: 1.6ms | ActiveRecord: 11.9ms)


Started GET "/api/v1/current_user" for 127.0.0.1 at 2018-03-24 16:30:24 -0400
Started GET "/api/v1/users/1/jobs/3" for 127.0.0.1 at 2018-03-24 16:30:24 -0400
Processing by Api::V1::AuthController#currentUser as */*
Processing by Api::V1::UsersController#user_job as */*
  Parameters: {"auth"=>{}}
  Parameters: {"id"=>"1", "job_id"=>"3"}
  [1m[36mUser Load (0.4ms)[0m  [1m[34mSELECT  "users".* FROM "users" WHERE "users"."id" = $1 LIMIT $2[0m  [["id", 1], ["LIMIT", 1]]
  [1m[36mUser Load (0.4ms)[0m  [1m[34mSELECT  "users".* FROM "users" WHERE "users"."id" = $1 LIMIT $2[0m  [["id", 1], ["LIMIT", 1]]
[active_model_serializers] Rendered ActiveModel::Serializer::Null with Hash (0.06ms)
Completed 200 OK in 3ms (Views: 1.1ms | ActiveRecord: 0.4ms)


  [1m[36mJob Load (0.8ms)[0m  [1m[34mSELECT  "jobs".* FROM "jobs" WHERE "jobs"."id" = $1 LIMIT $2[0m  [["id", 3], ["LIMIT", 1]]
  [1m[36mJob Load (1.4ms)[0m  [1m[34mSELECT  "jobs".* FROM "jobs" INNER JOIN "user_jobs" ON "jobs"."id" = "user_jobs"."job_id" WHERE "user_jobs"."user_id" = $1 AND "jobs"."id" = $2 LIMIT $3[0m  [["user_id", 1], ["id", 3], ["LIMIT", 1]]
  [1m[36mUser Load (1.7ms)[0m  [1m[34mSELECT  "users".* FROM "users" WHERE "users"."id" IS NULL LIMIT $1[0m  [["LIMIT", 1]]
[active_model_serializers]   [1m[36mCompany Load (15.6ms)[0m  [1m[34mSELECT  "companies".* FROM "companies" WHERE "companies"."id" = $1 LIMIT $2[0m  [["id", 2], ["LIMIT", 1]]
[active_model_serializers]   [1m[36mUser Load (4.8ms)[0m  [1m[34mSELECT "users".* FROM "users" INNER JOIN "user_jobs" ON "users"."id" = "user_jobs"."user_id" WHERE "user_jobs"."job_id" = $1[0m  [["job_id", 3]]
[active_model_serializers]   [1m[36mNote Load (1.7ms)[0m  [1m[34mSELECT "notes".* FROM "notes" WHERE "notes"."job_id" = $1[0m  [["job_id", 3]]
[active_model_serializers]   [1m[36mBookmark Load (0.6ms)[0m  [1m[34mSELECT "bookmarks".* FROM "bookmarks" WHERE "bookmarks"."job_id" = $1[0m  [["job_id", 3]]
[active_model_serializers] Rendered JobSerializer with ActiveModelSerializers::Adapter::Attributes (40.47ms)
Completed 200 OK in 55ms (Views: 22.0ms | ActiveRecord: 27.1ms)


Started GET "/api/v1/users/1" for 127.0.0.1 at 2018-03-24 16:30:24 -0400
Processing by Api::V1::UsersController#show as */*
  Parameters: {"id"=>"1"}
  [1m[36mUser Load (9.0ms)[0m  [1m[34mSELECT  "users".* FROM "users" WHERE "users"."id" = $1 LIMIT $2[0m  [["id", 1], ["LIMIT", 1]]
  [1m[36mJob Load (2.5ms)[0m  [1m[34mSELECT "jobs".* FROM "jobs" INNER JOIN "user_jobs" ON "jobs"."id" = "user_jobs"."job_id" WHERE "user_jobs"."user_id" = $1[0m  [["user_id", 1]]
  [1m[36mCompany Load (0.8ms)[0m  [1m[34mSELECT  "companies".* FROM "companies" WHERE "companies"."id" = $1 LIMIT $2[0m  [["id", 1], ["LIMIT", 1]]
  [1m[36mCompany Load (19.2ms)[0m  [1m[34mSELECT  "companies".* FROM "companies" WHERE "companies"."id" = $1 LIMIT $2[0m  [["id", 6], ["LIMIT", 1]]
  [1m[36mCompany Load (0.6ms)[0m  [1m[34mSELECT  "companies".* FROM "companies" WHERE "companies"."id" = $1 LIMIT $2[0m  [["id", 8], ["LIMIT", 1]]
  [1m[36mCompany Load (2.8ms)[0m  [1m[34mSELECT  "companies".* FROM "companies" WHERE "companies"."id" = $1 LIMIT $2[0m  [["id", 3], ["LIMIT", 1]]
  [1m[36mCompany Load (0.4ms)[0m  [1m[34mSELECT  "companies".* FROM "companies" WHERE "companies"."id" = $1 LIMIT $2[0m  [["id", 9], ["LIMIT", 1]]
  [1m[36mCompany Load (0.4ms)[0m  [1m[34mSELECT  "companies".* FROM "companies" WHERE "companies"."id" = $1 LIMIT $2[0m  [["id", 2], ["LIMIT", 1]]
  [1m[36mCompany Load (1.1ms)[0m  [1m[34mSELECT  "companies".* FROM "companies" WHERE "companies"."id" = $1 LIMIT $2[0m  [["id", 4], ["LIMIT", 1]]
  [1m[36mCompany Load (1.0ms)[0m  [1m[34mSELECT  "companies".* FROM "companies" WHERE "companies"."id" = $1 LIMIT $2[0m  [["id", 5], ["LIMIT", 1]]
  [1m[36mCompany Load (0.5ms)[0m  [1m[34mSELECT  "companies".* FROM "companies" WHERE "companies"."id" = $1 LIMIT $2[0m  [["id", 10], ["LIMIT", 1]]
  [1m[36mCompany Load (0.6ms)[0m  [1m[34mSELECT  "companies".* FROM "companies" WHERE "companies"."id" = $1 LIMIT $2[0m  [["id", 11], ["LIMIT", 1]]
  [1m[36mCompany Load (0.5ms)[0m  [1m[34mSELECT  "companies".* FROM "companies" WHERE "companies"."id" = $1 LIMIT $2[0m  [["id", 12], ["LIMIT", 1]]
  [1m[36mCategory Load (0.6ms)[0m  [1m[34mSELECT  "categories".* FROM "categories" WHERE "categories"."id" = $1 LIMIT $2[0m  [["id", 2], ["LIMIT", 1]]
  [1m[36mCategory Load (0.5ms)[0m  [1m[34mSELECT  "categories".* FROM "categories" WHERE "categories"."id" = $1 LIMIT $2[0m  [["id", 3], ["LIMIT", 1]]
  [1m[36mCategory Load (0.6ms)[0m  [1m[34mSELECT  "categories".* FROM "categories" WHERE "categories"."id" = $1 LIMIT $2[0m  [["id", 1], ["LIMIT", 1]]
  [1m[36mCACHE Category Load (0.0ms)[0m  [1m[34mSELECT  "categories".* FROM "categories" WHERE "categories"."id" = $1 LIMIT $2[0m  [["id", 1], ["LIMIT", 1]]
  [1m[36mCACHE Category Load (0.0ms)[0m  [1m[34mSELECT  "categories".* FROM "categories" WHERE "categories"."id" = $1 LIMIT $2[0m  [["id", 1], ["LIMIT", 1]]
  [1m[36mCACHE Category Load (0.0ms)[0m  [1m[34mSELECT  "categories".* FROM "categories" WHERE "categories"."id" = $1 LIMIT $2[0m  [["id", 1], ["LIMIT", 1]]
  [1m[36mCACHE Category Load (0.0ms)[0m  [1m[34mSELECT  "categories".* FROM "categories" WHERE "categories"."id" = $1 LIMIT $2[0m  [["id", 1], ["LIMIT", 1]]
  [1m[36mIndustry Load (2.3ms)[0m  [1m[34mSELECT  "industries".* FROM "industries" WHERE "industries"."id" = $1 LIMIT $2[0m  [["id", 1], ["LIMIT", 1]]
  [1m[36mCACHE Industry Load (0.0ms)[0m  [1m[34mSELECT  "industries".* FROM "industries" WHERE "industries"."id" = $1 LIMIT $2[0m  [["id", 1], ["LIMIT", 1]]
  [1m[36mIndustry Load (0.7ms)[0m  [1m[34mSELECT  "industries".* FROM "industries" WHERE "industries"."id" = $1 LIMIT $2[0m  [["id", 2], ["LIMIT", 1]]
  [1m[36mCACHE Industry Load (0.0ms)[0m  [1m[34mSELECT  "industries".* FROM "industries" WHERE "industries"."id" = $1 LIMIT $2[0m  [["id", 1], ["LIMIT", 1]]
  [1m[36mCACHE Industry Load (0.0ms)[0m  [1m[34mSELECT  "industries".* FROM "industries" WHERE "industries"."id" = $1 LIMIT $2[0m  [["id", 1], ["LIMIT", 1]]
  [1m[36mCACHE Industry Load (0.0ms)[0m  [1m[34mSELECT  "industries".* FROM "industries" WHERE "industries"."id" = $1 LIMIT $2[0m  [["id", 2], ["LIMIT", 1]]
  [1m[36mCACHE Industry Load (0.0ms)[0m  [1m[34mSELECT  "industries".* FROM "industries" WHERE "industries"."id" = $1 LIMIT $2[0m  [["id", 2], ["LIMIT", 1]]
  [1m[36mIndustry Load (0.5ms)[0m  [1m[34mSELECT  "industries".* FROM "industries" WHERE "industries"."id" = $1 LIMIT $2[0m  [["id", 3], ["LIMIT", 1]]
  [1m[36mIndustry Load (1.3ms)[0m  [1m[34mSELECT  "industries".* FROM "industries" WHERE "industries"."id" = $1 LIMIT $2[0m  [["id", 4], ["LIMIT", 1]]
  [1m[36mIndustry Load (0.6ms)[0m  [1m[34mSELECT  "industries".* FROM "industries" WHERE "industries"."id" = $1 LIMIT $2[0m  [["id", 5], ["LIMIT", 1]]
  [1m[36mIndustry Load (1.3ms)[0m  [1m[34mSELECT  "industries".* FROM "industries" WHERE "industries"."id" = $1 LIMIT $2[0m  [["id", 6], ["LIMIT", 1]]
  [1m[36mUser Load (2.5ms)[0m  [1m[34mSELECT  "users".* FROM "users" WHERE "users"."id" IS NULL LIMIT $1[0m  [["LIMIT", 1]]
[active_model_serializers]   [1m[36mNote Load (0.9ms)[0m  [1m[34mSELECT "notes".* FROM "notes" WHERE "notes"."user_id" = $1[0m  [["user_id", 1]]
[active_model_serializers]   [1m[36mBookmark Load (0.5ms)[0m  [1m[34mSELECT "bookmarks".* FROM "bookmarks" WHERE "bookmarks"."user_id" = $1[0m  [["user_id", 1]]
[active_model_serializers] Rendered ActiveModel::Serializer::Null with Hash (47.32ms)
Completed 200 OK in 184ms (Views: 48.0ms | ActiveRecord: 51.8ms)


Started GET "/api/v1/users/1/companies/2" for 127.0.0.1 at 2018-03-24 16:30:28 -0400
Processing by Api::V1::UsersController#user_company as */*
  Parameters: {"id"=>"1", "company_id"=>"2"}
  [1m[36mUser Load (0.3ms)[0m  [1m[34mSELECT  "users".* FROM "users" WHERE "users"."id" = $1 LIMIT $2[0m  [["id", 1], ["LIMIT", 1]]
  [1m[36mCompany Load (0.3ms)[0m  [1m[34mSELECT  "companies".* FROM "companies" WHERE "companies"."id" = $1 LIMIT $2[0m  [["id", 2], ["LIMIT", 1]]
  [1m[36mNote Load (0.6ms)[0m  [1m[34mSELECT  "notes".* FROM "notes" WHERE "notes"."user_id" = $1 AND "notes"."company_id" = $2 LIMIT $3[0m  [["user_id", 1], ["company_id", 2], ["LIMIT", 1]]
  [1m[36mJob Load (1.3ms)[0m  [1m[34mSELECT "jobs".* FROM "jobs" INNER JOIN "user_jobs" ON "jobs"."id" = "user_jobs"."job_id" WHERE "user_jobs"."user_id" = $1[0m  [["user_id", 1]]
  [1m[36mBookmark Load (1.5ms)[0m  [1m[34mSELECT  "bookmarks".* FROM "bookmarks" WHERE "bookmarks"."user_id" = $1 AND "bookmarks"."company_id" = $2 LIMIT $3[0m  [["user_id", 1], ["company_id", 2], ["LIMIT", 1]]
  [1m[36mUser Load (1.1ms)[0m  [1m[34mSELECT  "users".* FROM "users" WHERE "users"."id" IS NULL LIMIT $1[0m  [["LIMIT", 1]]
[active_model_serializers] Rendered ActiveModel::Serializer::Null with Hash (2.85ms)
Completed 200 OK in 23ms (Views: 8.1ms | ActiveRecord: 5.2ms)


Started POST "/api/v1/bookmarks" for 127.0.0.1 at 2018-03-24 16:30:38 -0400
Processing by Api::V1::BookmarksController#create as */*
  Parameters: {"title"=>"Why We Aren't Chasing GrubHub Above $90", "source_name"=>"Seekingalpha.com", "summary"=>"GRUB has outperformed all of the FANG stocks over the past year. This is a big growth company with a long runway. Despite being bullish on the company's growth", "url"=>"https://seekingalpha.com/article/4146119-chasing-grubhub-90", "user_id"=>1, "company_id"=>2, "bookmark"=>{"title"=>"Why We Aren't Chasing GrubHub Above $90", "source_name"=>"Seekingalpha.com", "summary"=>"GRUB has outperformed all of the FANG stocks over the past year. This is a big growth company with a long runway. Despite being bullish on the company's growth", "url"=>"https://seekingalpha.com/article/4146119-chasing-grubhub-90", "user_id"=>1, "company_id"=>2}}
  [1m[35m (0.1ms)[0m  [1m[35mBEGIN[0m
  [1m[36mUser Load (0.4ms)[0m  [1m[34mSELECT  "users".* FROM "users" WHERE "users"."id" = $1 LIMIT $2[0m  [["id", 1], ["LIMIT", 1]]
  [1m[36mCompany Load (0.2ms)[0m  [1m[34mSELECT  "companies".* FROM "companies" WHERE "companies"."id" = $1 LIMIT $2[0m  [["id", 2], ["LIMIT", 1]]
  [1m[35mSQL (8.4ms)[0m  [1m[32mINSERT INTO "bookmarks" ("title", "source_name", "summary", "url", "user_id", "company_id", "created_at", "updated_at") VALUES ($1, $2, $3, $4, $5, $6, $7, $8) RETURNING "id"[0m  [["title", "Why We Aren't Chasing GrubHub Above $90"], ["source_name", "Seekingalpha.com"], ["summary", "GRUB has outperformed all of the FANG stocks over the past year. This is a big growth company with a long runway. Despite being bullish on the company's growth"], ["url", "https://seekingalpha.com/article/4146119-chasing-grubhub-90"], ["user_id", 1], ["company_id", 2], ["created_at", "2018-03-24 20:30:38.172392"], ["updated_at", "2018-03-24 20:30:38.172392"]]
  [1m[35m (5.8ms)[0m  [1m[35mCOMMIT[0m
  [1m[36mUser Load (0.5ms)[0m  [1m[34mSELECT  "users".* FROM "users" WHERE "users"."id" IS NULL LIMIT $1[0m  [["LIMIT", 1]]
[active_model_serializers] Rendered BookmarkSerializer with ActiveModelSerializers::Adapter::Attributes (15.37ms)
Completed 200 OK in 41ms (Views: 19.6ms | ActiveRecord: 15.4ms)


